This file contains any messages produced by compilers while
running configure, to aid debugging if configure makes a mistake.

It was created by configure, which was
generated by GNU Autoconf 2.63.  Invocation command line was

  $ ./configure 

## --------- ##
## Platform. ##
## --------- ##

hostname = webserver
uname -m = x86_64
uname -r = 2.6.35-22-server
uname -s = Linux
uname -v = #33-Ubuntu SMP Sun Sep 19 20:48:58 UTC 2010

/usr/bin/uname -p = unknown
/bin/uname -X     = unknown

/bin/arch              = unknown
/usr/bin/arch -k       = unknown
/usr/convex/getsysinfo = unknown
/usr/bin/hostinfo      = unknown
/bin/machine           = unknown
/usr/bin/oslevel       = unknown
/bin/universe          = unknown

PATH: /usr/local/sbin
PATH: /usr/local/bin
PATH: /usr/sbin
PATH: /usr/bin
PATH: /sbin
PATH: /bin
PATH: /usr/games


## ----------- ##
## Core tests. ##
## ----------- ##

configure:1990: checking build system type
configure:2008: result: x86_64-unknown-linux-gnu
configure:2030: checking host system type
configure:2045: result: x86_64-unknown-linux-gnu
configure:2140: checking for gcc
configure:2156: found /usr/bin/gcc
configure:2167: result: gcc
configure:2399: checking for C compiler version
configure:2407: gcc --version >&5
gcc (Ubuntu/Linaro 4.4.4-14ubuntu5) 4.4.5
Copyright (C) 2010 Free Software Foundation, Inc.
This is free software; see the source for copying conditions.  There is NO
warranty; not even for MERCHANTABILITY or FITNESS FOR A PARTICULAR PURPOSE.

configure:2411: $? = 0
configure:2418: gcc -v >&5
Using built-in specs.
Target: x86_64-linux-gnu
Configured with: ../src/configure -v --with-pkgversion='Ubuntu/Linaro 4.4.4-14ubuntu5' --with-bugurl=file:///usr/share/doc/gcc-4.4/README.Bugs --enable-languages=c,c++,fortran,objc,obj-c++ --prefix=/usr --program-suffix=-4.4 --enable-shared --enable-multiarch --enable-linker-build-id --with-system-zlib --libexecdir=/usr/lib --without-included-gettext --enable-threads=posix --with-gxx-include-dir=/usr/include/c++/4.4 --libdir=/usr/lib --enable-nls --with-sysroot=/ --enable-clocale=gnu --enable-libstdcxx-debug --enable-objc-gc --disable-werror --with-arch-32=i686 --with-tune=generic --enable-checking=release --build=x86_64-linux-gnu --host=x86_64-linux-gnu --target=x86_64-linux-gnu
Thread model: posix
gcc version 4.4.5 (Ubuntu/Linaro 4.4.4-14ubuntu5) 
configure:2422: $? = 0
configure:2429: gcc -V >&5
gcc: '-V' option must have argument
configure:2433: $? = 1
configure:2456: checking for C compiler default output file name
configure:2478: gcc -fPIC -Wimplicit -Wreturn-type -Wno-write-strings -Wformat -O -fomit-frame-pointer    conftest.c  >&5
configure:2482: $? = 0
configure:2520: result: a.out
configure:2539: checking whether the C compiler works
configure:2549: ./a.out
configure:2553: $? = 0
configure:2572: result: yes
configure:2579: checking whether we are cross compiling
configure:2581: result: no
configure:2584: checking for suffix of executables
configure:2591: gcc -o conftest -fPIC -Wimplicit -Wreturn-type -Wno-write-strings -Wformat -O -fomit-frame-pointer    conftest.c  >&5
configure:2595: $? = 0
configure:2621: result: 
configure:2627: checking for suffix of object files
configure:2653: gcc -c -fPIC -Wimplicit -Wreturn-type -Wno-write-strings -Wformat -O -fomit-frame-pointer   conftest.c >&5
configure:2657: $? = 0
configure:2682: result: o
configure:2686: checking whether we are using the GNU C compiler
configure:2715: gcc -c -fPIC -Wimplicit -Wreturn-type -Wno-write-strings -Wformat -O -fomit-frame-pointer   conftest.c >&5
configure:2722: $? = 0
configure:2739: result: yes
configure:2748: checking whether gcc accepts -g
configure:2778: gcc -c -g  conftest.c >&5
configure:2785: $? = 0
configure:2886: result: yes
configure:2903: checking for gcc option to accept ISO C89
configure:2977: gcc  -c -fPIC -Wimplicit -Wreturn-type -Wno-write-strings -Wformat -O -fomit-frame-pointer   conftest.c >&5
configure:2984: $? = 0
configure:3007: result: none needed
configure:3083: checking for g++
configure:3099: found /usr/bin/g++
configure:3110: result: g++
configure:3137: checking for C++ compiler version
configure:3145: g++ --version >&5
g++ (Ubuntu/Linaro 4.4.4-14ubuntu5) 4.4.5
Copyright (C) 2010 Free Software Foundation, Inc.
This is free software; see the source for copying conditions.  There is NO
warranty; not even for MERCHANTABILITY or FITNESS FOR A PARTICULAR PURPOSE.

configure:3149: $? = 0
configure:3156: g++ -v >&5
Using built-in specs.
Target: x86_64-linux-gnu
Configured with: ../src/configure -v --with-pkgversion='Ubuntu/Linaro 4.4.4-14ubuntu5' --with-bugurl=file:///usr/share/doc/gcc-4.4/README.Bugs --enable-languages=c,c++,fortran,objc,obj-c++ --prefix=/usr --program-suffix=-4.4 --enable-shared --enable-multiarch --enable-linker-build-id --with-system-zlib --libexecdir=/usr/lib --without-included-gettext --enable-threads=posix --with-gxx-include-dir=/usr/include/c++/4.4 --libdir=/usr/lib --enable-nls --with-sysroot=/ --enable-clocale=gnu --enable-libstdcxx-debug --enable-objc-gc --disable-werror --with-arch-32=i686 --with-tune=generic --enable-checking=release --build=x86_64-linux-gnu --host=x86_64-linux-gnu --target=x86_64-linux-gnu
Thread model: posix
gcc version 4.4.5 (Ubuntu/Linaro 4.4.4-14ubuntu5) 
configure:3160: $? = 0
configure:3167: g++ -V >&5
g++: '-V' option must have argument
configure:3171: $? = 1
configure:3174: checking whether we are using the GNU C++ compiler
configure:3203: g++ -c -fPIC -fPIC -Wimplicit -Wreturn-type -Wno-write-strings -Wformat -O -fomit-frame-pointer   conftest.cpp >&5
configure:3210: $? = 0
configure:3227: result: yes
configure:3236: checking whether g++ accepts -g
configure:3266: g++ -c -g  conftest.cpp >&5
configure:3273: $? = 0
configure:3374: result: yes
configure:3400: checking whether gcc supports lazy variable declaration
gcc.2.95.m4:19: gcc  -fPIC -Wimplicit -Wreturn-type -Wno-write-strings -Wformat -O -fomit-frame-pointer  conftest.c -o conftest
configure:3419: result: yes
configure:3459: checking how to run the C preprocessor
configure:3499: gcc -E  conftest.c
configure:3506: $? = 0
configure:3537: gcc -E  conftest.c
conftest.c:8: fatal error: ac_nonexistent.h: No such file or directory
compilation terminated.
configure:3544: $? = 1
configure: failed program was:
| /* confdefs.h.  */
| #define PACKAGE_NAME ""
| #define PACKAGE_TARNAME ""
| #define PACKAGE_VERSION ""
| #define PACKAGE_STRING ""
| #define PACKAGE_BUGREPORT ""
| /* end confdefs.h.  */
| #include <ac_nonexistent.h>
configure:3577: result: gcc -E
configure:3606: gcc -E  conftest.c
configure:3613: $? = 0
configure:3644: gcc -E  conftest.c
conftest.c:8: fatal error: ac_nonexistent.h: No such file or directory
compilation terminated.
configure:3651: $? = 1
configure: failed program was:
| /* confdefs.h.  */
| #define PACKAGE_NAME ""
| #define PACKAGE_TARNAME ""
| #define PACKAGE_VERSION ""
| #define PACKAGE_STRING ""
| #define PACKAGE_BUGREPORT ""
| /* end confdefs.h.  */
| #include <ac_nonexistent.h>
configure:3734: checking for ranlib
configure:3750: found /usr/bin/ranlib
configure:3761: result: ranlib
configure:3783: checking whether make sets $(MAKE)
configure:3805: result: yes
configure:3828: checking for a BSD-compatible install
configure:3896: result: /usr/bin/install -c
configure:3907: checking whether ln -s works
configure:3911: result: yes
configure:3922: checking for gzip
configure:3938: found /bin/gzip
configure:3949: result: gzip
configure:3977: checking host system type
configure:3992: result: x86_64-unknown-linux-gnu
configure:4016: checking for target system
configure:4080: result: 
configure:4141: checking for sin in -lm
configure:4176: gcc -o conftest -fPIC -Wimplicit -Wreturn-type -Wno-write-strings -Wformat -O -fomit-frame-pointer    -L/usr/local/lib conftest.c -lm   >&5
conftest.c:17: warning: conflicting types for built-in function 'sin'
configure:4183: $? = 0
configure:4204: result: yes
configure:4220: checking for deflate in -lz
configure:4255: gcc -o conftest -fPIC -Wimplicit -Wreturn-type -Wno-write-strings -Wformat -O -fomit-frame-pointer    -L/usr/local/lib conftest.c -lz  -lm  >&5
configure:4262: $? = 0
configure:4283: result: yes
configure:4306: checking for PDF_open_file in -lpdf
configure:4341: gcc -o conftest -fPIC -Wimplicit -Wreturn-type -Wno-write-strings -Wformat -O -fomit-frame-pointer    -L/usr/local/lib conftest.c -lpdf  -lz -lm  >&5
/usr/bin/ld: cannot find -lpdf
collect2: ld returned 1 exit status
configure:4348: $? = 1
configure: failed program was:
| /* confdefs.h.  */
| #define PACKAGE_NAME ""
| #define PACKAGE_TARNAME ""
| #define PACKAGE_VERSION ""
| #define PACKAGE_STRING ""
| #define PACKAGE_BUGREPORT ""
| #define LINUX 1
| #define O_BINARY 0
| #define HAVE_LIBM 1
| #define HAVE_LIBZ 1
| /* end confdefs.h.  */
| 
| /* Override any GCC internal prototype to avoid an error.
|    Use char because int might match the return type of a GCC
|    builtin and then its argument prototype would still apply.  */
| #ifdef __cplusplus
| extern "C"
| #endif
| char PDF_open_file ();
| int
| main ()
| {
| return PDF_open_file ();
|   ;
|   return 0;
| }
configure:4369: result: no
configure:4383: checking for jpeg_write_raw_data in -ljpeg
configure:4418: gcc -o conftest -fPIC -Wimplicit -Wreturn-type -Wno-write-strings -Wformat -O -fomit-frame-pointer    -L/usr/local/lib conftest.c -ljpeg  -lz -lm  >&5
configure:4425: $? = 0
configure:4446: result: yes
configure:4460: checking for DGifOpen in -lungif
configure:4495: gcc -o conftest -fPIC -Wimplicit -Wreturn-type -Wno-write-strings -Wformat -O -fomit-frame-pointer    -L/usr/local/lib conftest.c -lungif  -ljpeg -lz -lm  >&5
configure:4502: $? = 0
configure:4523: result: yes
configure:4617: checking for zzip_file_open in -lzzip
configure:4652: gcc -o conftest -fPIC -Wimplicit -Wreturn-type -Wno-write-strings -Wformat -O -fomit-frame-pointer    -L/usr/local/lib conftest.c -lzzip  -lungif -ljpeg -lz -lm  >&5
/usr/bin/ld: cannot find -lzzip
collect2: ld returned 1 exit status
configure:4659: $? = 1
configure: failed program was:
| /* confdefs.h.  */
| #define PACKAGE_NAME ""
| #define PACKAGE_TARNAME ""
| #define PACKAGE_VERSION ""
| #define PACKAGE_STRING ""
| #define PACKAGE_BUGREPORT ""
| #define LINUX 1
| #define O_BINARY 0
| #define HAVE_LIBM 1
| #define HAVE_LIBZ 1
| #define HAVE_LIBJPEG 1
| #define HAVE_LIBUNGIF 1
| /* end confdefs.h.  */
| 
| /* Override any GCC internal prototype to avoid an error.
|    Use char because int might match the return type of a GCC
|    builtin and then its argument prototype would still apply.  */
| #ifdef __cplusplus
| extern "C"
| #endif
| char zzip_file_open ();
| int
| main ()
| {
| return zzip_file_open ();
|   ;
|   return 0;
| }
configure:4680: result: no
configure:4695: checking for byte order
configure:4720: gcc -o conftest -fPIC -Wimplicit -Wreturn-type -Wno-write-strings -Wformat -O -fomit-frame-pointer    -L/usr/local/lib conftest.c -lungif -ljpeg -lz -lm  >&5
configure:4724: $? = 0
configure:4730: ./conftest
configure:4734: $? = 1
configure: program exited with status 1
configure: failed program was:
| /* confdefs.h.  */
| #define PACKAGE_NAME ""
| #define PACKAGE_TARNAME ""
| #define PACKAGE_VERSION ""
| #define PACKAGE_STRING ""
| #define PACKAGE_BUGREPORT ""
| #define LINUX 1
| #define O_BINARY 0
| #define HAVE_LIBM 1
| #define HAVE_LIBZ 1
| #define HAVE_LIBJPEG 1
| #define HAVE_LIBUNGIF 1
| /* end confdefs.h.  */
| 
| int main (int argc, char *argv[])
| {
|     int i = 1;
|     return *(char*)&i;
| }
| 
configure:4812: result: little endian
configure:4838: checking whether system() can handle command substitution
configure:4863: gcc -o conftest -fPIC -Wimplicit -Wreturn-type -Wno-write-strings -Wformat -O -fomit-frame-pointer    -L/usr/local/lib conftest.c -lungif -ljpeg -lz -lm  >&5
configure:4867: $? = 0
configure:4873: ./conftest
configure:4877: $? = 0
configure:4901: result: yes
configure:4938: checking for dirent.h that defines DIR
configure:4967: gcc -c -fPIC -Wimplicit -Wreturn-type -Wno-write-strings -Wformat -O -fomit-frame-pointer   conftest.c >&5
configure:4974: $? = 0
configure:4991: result: yes
configure:5006: checking for library containing opendir
configure:5047: gcc -o conftest -fPIC -Wimplicit -Wreturn-type -Wno-write-strings -Wformat -O -fomit-frame-pointer    -L/usr/local/lib conftest.c -lungif -ljpeg -lz -lm  >&5
configure:5054: $? = 0
configure:5085: result: none required
configure:5184: checking for grep that handles long lines and -e
configure:5244: result: /bin/grep
configure:5249: checking for egrep
configure:5313: result: /bin/grep -E
configure:5318: checking for ANSI C header files
configure:5348: gcc -c -fPIC -Wimplicit -Wreturn-type -Wno-write-strings -Wformat -O -fomit-frame-pointer   conftest.c >&5
configure:5355: $? = 0
configure:5454: gcc -o conftest -fPIC -Wimplicit -Wreturn-type -Wno-write-strings -Wformat -O -fomit-frame-pointer    -L/usr/local/lib conftest.c -lungif -ljpeg -lz -lm  >&5
configure:5458: $? = 0
configure:5464: ./conftest
configure:5468: $? = 0
configure:5486: result: yes
configure:5511: checking for sys/types.h
configure:5532: gcc -c -fPIC -Wimplicit -Wreturn-type -Wno-write-strings -Wformat -O -fomit-frame-pointer   conftest.c >&5
configure:5539: $? = 0
configure:5556: result: yes
configure:5511: checking for sys/stat.h
configure:5532: gcc -c -fPIC -Wimplicit -Wreturn-type -Wno-write-strings -Wformat -O -fomit-frame-pointer   conftest.c >&5
configure:5539: $? = 0
configure:5556: result: yes
configure:5511: checking for stdlib.h
configure:5532: gcc -c -fPIC -Wimplicit -Wreturn-type -Wno-write-strings -Wformat -O -fomit-frame-pointer   conftest.c >&5
configure:5539: $? = 0
configure:5556: result: yes
configure:5511: checking for string.h
configure:5532: gcc -c -fPIC -Wimplicit -Wreturn-type -Wno-write-strings -Wformat -O -fomit-frame-pointer   conftest.c >&5
configure:5539: $? = 0
configure:5556: result: yes
configure:5511: checking for memory.h
configure:5532: gcc -c -fPIC -Wimplicit -Wreturn-type -Wno-write-strings -Wformat -O -fomit-frame-pointer   conftest.c >&5
configure:5539: $? = 0
configure:5556: result: yes
configure:5511: checking for strings.h
configure:5532: gcc -c -fPIC -Wimplicit -Wreturn-type -Wno-write-strings -Wformat -O -fomit-frame-pointer   conftest.c >&5
configure:5539: $? = 0
configure:5556: result: yes
configure:5511: checking for inttypes.h
configure:5532: gcc -c -fPIC -Wimplicit -Wreturn-type -Wno-write-strings -Wformat -O -fomit-frame-pointer   conftest.c >&5
configure:5539: $? = 0
configure:5556: result: yes
configure:5511: checking for stdint.h
configure:5532: gcc -c -fPIC -Wimplicit -Wreturn-type -Wno-write-strings -Wformat -O -fomit-frame-pointer   conftest.c >&5
configure:5539: $? = 0
configure:5556: result: yes
configure:5511: checking for unistd.h
configure:5532: gcc -c -fPIC -Wimplicit -Wreturn-type -Wno-write-strings -Wformat -O -fomit-frame-pointer   conftest.c >&5
configure:5539: $? = 0
configure:5556: result: yes
configure:5606: checking zlib.h usability
configure:5623: gcc -c -fPIC -Wimplicit -Wreturn-type -Wno-write-strings -Wformat -O -fomit-frame-pointer   conftest.c >&5
configure:5630: $? = 0
configure:5644: result: yes
configure:5648: checking zlib.h presence
configure:5663: gcc -E  conftest.c
configure:5670: $? = 0
configure:5684: result: yes
configure:5712: checking for zlib.h
configure:5721: result: yes
configure:5606: checking gif_lib.h usability
configure:5623: gcc -c -fPIC -Wimplicit -Wreturn-type -Wno-write-strings -Wformat -O -fomit-frame-pointer   conftest.c >&5
configure:5630: $? = 0
configure:5644: result: yes
configure:5648: checking gif_lib.h presence
configure:5663: gcc -E  conftest.c
configure:5670: $? = 0
configure:5684: result: yes
configure:5712: checking for gif_lib.h
configure:5721: result: yes
configure:5606: checking io.h usability
configure:5623: gcc -c -fPIC -Wimplicit -Wreturn-type -Wno-write-strings -Wformat -O -fomit-frame-pointer   conftest.c >&5
conftest.c:61: fatal error: io.h: No such file or directory
compilation terminated.
configure:5630: $? = 1
configure: failed program was:
| /* confdefs.h.  */
| #define PACKAGE_NAME ""
| #define PACKAGE_TARNAME ""
| #define PACKAGE_VERSION ""
| #define PACKAGE_STRING ""
| #define PACKAGE_BUGREPORT ""
| #define LINUX 1
| #define O_BINARY 0
| #define HAVE_LIBM 1
| #define HAVE_LIBZ 1
| #define HAVE_LIBJPEG 1
| #define HAVE_LIBUNGIF 1
| #define SYSTEM_BACKTICKS 1
| #define HAVE_DIRENT_H 1
| #define STDC_HEADERS 1
| #define HAVE_SYS_TYPES_H 1
| #define HAVE_SYS_STAT_H 1
| #define HAVE_STDLIB_H 1
| #define HAVE_STRING_H 1
| #define HAVE_MEMORY_H 1
| #define HAVE_STRINGS_H 1
| #define HAVE_INTTYPES_H 1
| #define HAVE_STDINT_H 1
| #define HAVE_UNISTD_H 1
| #define HAVE_ZLIB_H 1
| #define HAVE_GIF_LIB_H 1
| /* end confdefs.h.  */
| #include <stdio.h>
| #ifdef HAVE_SYS_TYPES_H
| # include <sys/types.h>
| #endif
| #ifdef HAVE_SYS_STAT_H
| # include <sys/stat.h>
| #endif
| #ifdef STDC_HEADERS
| # include <stdlib.h>
| # include <stddef.h>
| #else
| # ifdef HAVE_STDLIB_H
| #  include <stdlib.h>
| # endif
| #endif
| #ifdef HAVE_STRING_H
| # if !defined STDC_HEADERS && defined HAVE_MEMORY_H
| #  include <memory.h>
| # endif
| # include <string.h>
| #endif
| #ifdef HAVE_STRINGS_H
| # include <strings.h>
| #endif
| #ifdef HAVE_INTTYPES_H
| # include <inttypes.h>
| #endif
| #ifdef HAVE_STDINT_H
| # include <stdint.h>
| #endif
| #ifdef HAVE_UNISTD_H
| # include <unistd.h>
| #endif
| #include <io.h>
configure:5644: result: no
configure:5648: checking io.h presence
configure:5663: gcc -E  conftest.c
conftest.c:28: fatal error: io.h: No such file or directory
compilation terminated.
configure:5670: $? = 1
configure: failed program was:
| /* confdefs.h.  */
| #define PACKAGE_NAME ""
| #define PACKAGE_TARNAME ""
| #define PACKAGE_VERSION ""
| #define PACKAGE_STRING ""
| #define PACKAGE_BUGREPORT ""
| #define LINUX 1
| #define O_BINARY 0
| #define HAVE_LIBM 1
| #define HAVE_LIBZ 1
| #define HAVE_LIBJPEG 1
| #define HAVE_LIBUNGIF 1
| #define SYSTEM_BACKTICKS 1
| #define HAVE_DIRENT_H 1
| #define STDC_HEADERS 1
| #define HAVE_SYS_TYPES_H 1
| #define HAVE_SYS_STAT_H 1
| #define HAVE_STDLIB_H 1
| #define HAVE_STRING_H 1
| #define HAVE_MEMORY_H 1
| #define HAVE_STRINGS_H 1
| #define HAVE_INTTYPES_H 1
| #define HAVE_STDINT_H 1
| #define HAVE_UNISTD_H 1
| #define HAVE_ZLIB_H 1
| #define HAVE_GIF_LIB_H 1
| /* end confdefs.h.  */
| #include <io.h>
configure:5684: result: no
configure:5712: checking for io.h
configure:5721: result: no
configure:5606: checking wchar.h usability
configure:5623: gcc -c -fPIC -Wimplicit -Wreturn-type -Wno-write-strings -Wformat -O -fomit-frame-pointer   conftest.c >&5
configure:5630: $? = 0
configure:5644: result: yes
configure:5648: checking wchar.h presence
configure:5663: gcc -E  conftest.c
configure:5670: $? = 0
configure:5684: result: yes
configure:5712: checking for wchar.h
configure:5721: result: yes
configure:5606: checking jpeglib.h usability
configure:5623: gcc -c -fPIC -Wimplicit -Wreturn-type -Wno-write-strings -Wformat -O -fomit-frame-pointer   conftest.c >&5
configure:5630: $? = 0
configure:5644: result: yes
configure:5648: checking jpeglib.h presence
configure:5663: gcc -E  conftest.c
configure:5670: $? = 0
configure:5684: result: yes
configure:5712: checking for jpeglib.h
configure:5721: result: yes
configure:5606: checking assert.h usability
configure:5623: gcc -c -fPIC -Wimplicit -Wreturn-type -Wno-write-strings -Wformat -O -fomit-frame-pointer   conftest.c >&5
configure:5630: $? = 0
configure:5644: result: yes
configure:5648: checking assert.h presence
configure:5663: gcc -E  conftest.c
configure:5670: $? = 0
configure:5684: result: yes
configure:5712: checking for assert.h
configure:5721: result: yes
configure:5606: checking signal.h usability
configure:5623: gcc -c -fPIC -Wimplicit -Wreturn-type -Wno-write-strings -Wformat -O -fomit-frame-pointer   conftest.c >&5
configure:5630: $? = 0
configure:5644: result: yes
configure:5648: checking signal.h presence
configure:5663: gcc -E  conftest.c
configure:5670: $? = 0
configure:5684: result: yes
configure:5712: checking for signal.h
configure:5721: result: yes
configure:5606: checking pthread.h usability
configure:5623: gcc -c -fPIC -Wimplicit -Wreturn-type -Wno-write-strings -Wformat -O -fomit-frame-pointer   conftest.c >&5
configure:5630: $? = 0
configure:5644: result: yes
configure:5648: checking pthread.h presence
configure:5663: gcc -E  conftest.c
configure:5670: $? = 0
configure:5684: result: yes
configure:5712: checking for pthread.h
configure:5721: result: yes
configure:5595: checking for sys/stat.h
configure:5602: result: yes
configure:5606: checking sys/mman.h usability
configure:5623: gcc -c -fPIC -Wimplicit -Wreturn-type -Wno-write-strings -Wformat -O -fomit-frame-pointer   conftest.c >&5
configure:5630: $? = 0
configure:5644: result: yes
configure:5648: checking sys/mman.h presence
configure:5663: gcc -E  conftest.c
configure:5670: $? = 0
configure:5684: result: yes
configure:5712: checking for sys/mman.h
configure:5721: result: yes
configure:5595: checking for sys/types.h
configure:5602: result: yes
configure:5606: checking dirent.h usability
configure:5623: gcc -c -fPIC -Wimplicit -Wreturn-type -Wno-write-strings -Wformat -O -fomit-frame-pointer   conftest.c >&5
configure:5630: $? = 0
configure:5644: result: yes
configure:5648: checking dirent.h presence
configure:5663: gcc -E  conftest.c
configure:5670: $? = 0
configure:5684: result: yes
configure:5712: checking for dirent.h
configure:5721: result: yes
configure:5606: checking sys/bsdtypes.h usability
configure:5623: gcc -c -fPIC -Wimplicit -Wreturn-type -Wno-write-strings -Wformat -O -fomit-frame-pointer   conftest.c >&5
conftest.c:70: fatal error: sys/bsdtypes.h: No such file or directory
compilation terminated.
configure:5630: $? = 1
configure: failed program was:
| /* confdefs.h.  */
| #define PACKAGE_NAME ""
| #define PACKAGE_TARNAME ""
| #define PACKAGE_VERSION ""
| #define PACKAGE_STRING ""
| #define PACKAGE_BUGREPORT ""
| #define LINUX 1
| #define O_BINARY 0
| #define HAVE_LIBM 1
| #define HAVE_LIBZ 1
| #define HAVE_LIBJPEG 1
| #define HAVE_LIBUNGIF 1
| #define SYSTEM_BACKTICKS 1
| #define HAVE_DIRENT_H 1
| #define STDC_HEADERS 1
| #define HAVE_SYS_TYPES_H 1
| #define HAVE_SYS_STAT_H 1
| #define HAVE_STDLIB_H 1
| #define HAVE_STRING_H 1
| #define HAVE_MEMORY_H 1
| #define HAVE_STRINGS_H 1
| #define HAVE_INTTYPES_H 1
| #define HAVE_STDINT_H 1
| #define HAVE_UNISTD_H 1
| #define HAVE_ZLIB_H 1
| #define HAVE_GIF_LIB_H 1
| #define HAVE_WCHAR_H 1
| #define HAVE_JPEGLIB_H 1
| #define HAVE_ASSERT_H 1
| #define HAVE_SIGNAL_H 1
| #define HAVE_PTHREAD_H 1
| #define HAVE_SYS_STAT_H 1
| #define HAVE_SYS_MMAN_H 1
| #define HAVE_SYS_TYPES_H 1
| #define HAVE_DIRENT_H 1
| /* end confdefs.h.  */
| #include <stdio.h>
| #ifdef HAVE_SYS_TYPES_H
| # include <sys/types.h>
| #endif
| #ifdef HAVE_SYS_STAT_H
| # include <sys/stat.h>
| #endif
| #ifdef STDC_HEADERS
| # include <stdlib.h>
| # include <stddef.h>
| #else
| # ifdef HAVE_STDLIB_H
| #  include <stdlib.h>
| # endif
| #endif
| #ifdef HAVE_STRING_H
| # if !defined STDC_HEADERS && defined HAVE_MEMORY_H
| #  include <memory.h>
| # endif
| # include <string.h>
| #endif
| #ifdef HAVE_STRINGS_H
| # include <strings.h>
| #endif
| #ifdef HAVE_INTTYPES_H
| # include <inttypes.h>
| #endif
| #ifdef HAVE_STDINT_H
| # include <stdint.h>
| #endif
| #ifdef HAVE_UNISTD_H
| # include <unistd.h>
| #endif
| #include <sys/bsdtypes.h>
configure:5644: result: no
configure:5648: checking sys/bsdtypes.h presence
configure:5663: gcc -E  conftest.c
conftest.c:37: fatal error: sys/bsdtypes.h: No such file or directory
compilation terminated.
configure:5670: $? = 1
configure: failed program was:
| /* confdefs.h.  */
| #define PACKAGE_NAME ""
| #define PACKAGE_TARNAME ""
| #define PACKAGE_VERSION ""
| #define PACKAGE_STRING ""
| #define PACKAGE_BUGREPORT ""
| #define LINUX 1
| #define O_BINARY 0
| #define HAVE_LIBM 1
| #define HAVE_LIBZ 1
| #define HAVE_LIBJPEG 1
| #define HAVE_LIBUNGIF 1
| #define SYSTEM_BACKTICKS 1
| #define HAVE_DIRENT_H 1
| #define STDC_HEADERS 1
| #define HAVE_SYS_TYPES_H 1
| #define HAVE_SYS_STAT_H 1
| #define HAVE_STDLIB_H 1
| #define HAVE_STRING_H 1
| #define HAVE_MEMORY_H 1
| #define HAVE_STRINGS_H 1
| #define HAVE_INTTYPES_H 1
| #define HAVE_STDINT_H 1
| #define HAVE_UNISTD_H 1
| #define HAVE_ZLIB_H 1
| #define HAVE_GIF_LIB_H 1
| #define HAVE_WCHAR_H 1
| #define HAVE_JPEGLIB_H 1
| #define HAVE_ASSERT_H 1
| #define HAVE_SIGNAL_H 1
| #define HAVE_PTHREAD_H 1
| #define HAVE_SYS_STAT_H 1
| #define HAVE_SYS_MMAN_H 1
| #define HAVE_SYS_TYPES_H 1
| #define HAVE_DIRENT_H 1
| /* end confdefs.h.  */
| #include <sys/bsdtypes.h>
configure:5684: result: no
configure:5712: checking for sys/bsdtypes.h
configure:5721: result: no
configure:5606: checking sys/ndir.h usability
configure:5623: gcc -c -fPIC -Wimplicit -Wreturn-type -Wno-write-strings -Wformat -O -fomit-frame-pointer   conftest.c >&5
conftest.c:70: fatal error: sys/ndir.h: No such file or directory
compilation terminated.
configure:5630: $? = 1
configure: failed program was:
| /* confdefs.h.  */
| #define PACKAGE_NAME ""
| #define PACKAGE_TARNAME ""
| #define PACKAGE_VERSION ""
| #define PACKAGE_STRING ""
| #define PACKAGE_BUGREPORT ""
| #define LINUX 1
| #define O_BINARY 0
| #define HAVE_LIBM 1
| #define HAVE_LIBZ 1
| #define HAVE_LIBJPEG 1
| #define HAVE_LIBUNGIF 1
| #define SYSTEM_BACKTICKS 1
| #define HAVE_DIRENT_H 1
| #define STDC_HEADERS 1
| #define HAVE_SYS_TYPES_H 1
| #define HAVE_SYS_STAT_H 1
| #define HAVE_STDLIB_H 1
| #define HAVE_STRING_H 1
| #define HAVE_MEMORY_H 1
| #define HAVE_STRINGS_H 1
| #define HAVE_INTTYPES_H 1
| #define HAVE_STDINT_H 1
| #define HAVE_UNISTD_H 1
| #define HAVE_ZLIB_H 1
| #define HAVE_GIF_LIB_H 1
| #define HAVE_WCHAR_H 1
| #define HAVE_JPEGLIB_H 1
| #define HAVE_ASSERT_H 1
| #define HAVE_SIGNAL_H 1
| #define HAVE_PTHREAD_H 1
| #define HAVE_SYS_STAT_H 1
| #define HAVE_SYS_MMAN_H 1
| #define HAVE_SYS_TYPES_H 1
| #define HAVE_DIRENT_H 1
| /* end confdefs.h.  */
| #include <stdio.h>
| #ifdef HAVE_SYS_TYPES_H
| # include <sys/types.h>
| #endif
| #ifdef HAVE_SYS_STAT_H
| # include <sys/stat.h>
| #endif
| #ifdef STDC_HEADERS
| # include <stdlib.h>
| # include <stddef.h>
| #else
| # ifdef HAVE_STDLIB_H
| #  include <stdlib.h>
| # endif
| #endif
| #ifdef HAVE_STRING_H
| # if !defined STDC_HEADERS && defined HAVE_MEMORY_H
| #  include <memory.h>
| # endif
| # include <string.h>
| #endif
| #ifdef HAVE_STRINGS_H
| # include <strings.h>
| #endif
| #ifdef HAVE_INTTYPES_H
| # include <inttypes.h>
| #endif
| #ifdef HAVE_STDINT_H
| # include <stdint.h>
| #endif
| #ifdef HAVE_UNISTD_H
| # include <unistd.h>
| #endif
| #include <sys/ndir.h>
configure:5644: result: no
configure:5648: checking sys/ndir.h presence
configure:5663: gcc -E  conftest.c
conftest.c:37: fatal error: sys/ndir.h: No such file or directory
compilation terminated.
configure:5670: $? = 1
configure: failed program was:
| /* confdefs.h.  */
| #define PACKAGE_NAME ""
| #define PACKAGE_TARNAME ""
| #define PACKAGE_VERSION ""
| #define PACKAGE_STRING ""
| #define PACKAGE_BUGREPORT ""
| #define LINUX 1
| #define O_BINARY 0
| #define HAVE_LIBM 1
| #define HAVE_LIBZ 1
| #define HAVE_LIBJPEG 1
| #define HAVE_LIBUNGIF 1
| #define SYSTEM_BACKTICKS 1
| #define HAVE_DIRENT_H 1
| #define STDC_HEADERS 1
| #define HAVE_SYS_TYPES_H 1
| #define HAVE_SYS_STAT_H 1
| #define HAVE_STDLIB_H 1
| #define HAVE_STRING_H 1
| #define HAVE_MEMORY_H 1
| #define HAVE_STRINGS_H 1
| #define HAVE_INTTYPES_H 1
| #define HAVE_STDINT_H 1
| #define HAVE_UNISTD_H 1
| #define HAVE_ZLIB_H 1
| #define HAVE_GIF_LIB_H 1
| #define HAVE_WCHAR_H 1
| #define HAVE_JPEGLIB_H 1
| #define HAVE_ASSERT_H 1
| #define HAVE_SIGNAL_H 1
| #define HAVE_PTHREAD_H 1
| #define HAVE_SYS_STAT_H 1
| #define HAVE_SYS_MMAN_H 1
| #define HAVE_SYS_TYPES_H 1
| #define HAVE_DIRENT_H 1
| /* end confdefs.h.  */
| #include <sys/ndir.h>
configure:5684: result: no
configure:5712: checking for sys/ndir.h
configure:5721: result: no
configure:5606: checking sys/dir.h usability
configure:5623: gcc -c -fPIC -Wimplicit -Wreturn-type -Wno-write-strings -Wformat -O -fomit-frame-pointer   conftest.c >&5
configure:5630: $? = 0
configure:5644: result: yes
configure:5648: checking sys/dir.h presence
configure:5663: gcc -E  conftest.c
configure:5670: $? = 0
configure:5684: result: yes
configure:5712: checking for sys/dir.h
configure:5721: result: yes
configure:5606: checking ndir.h usability
configure:5623: gcc -c -fPIC -Wimplicit -Wreturn-type -Wno-write-strings -Wformat -O -fomit-frame-pointer   conftest.c >&5
conftest.c:71: fatal error: ndir.h: No such file or directory
compilation terminated.
configure:5630: $? = 1
configure: failed program was:
| /* confdefs.h.  */
| #define PACKAGE_NAME ""
| #define PACKAGE_TARNAME ""
| #define PACKAGE_VERSION ""
| #define PACKAGE_STRING ""
| #define PACKAGE_BUGREPORT ""
| #define LINUX 1
| #define O_BINARY 0
| #define HAVE_LIBM 1
| #define HAVE_LIBZ 1
| #define HAVE_LIBJPEG 1
| #define HAVE_LIBUNGIF 1
| #define SYSTEM_BACKTICKS 1
| #define HAVE_DIRENT_H 1
| #define STDC_HEADERS 1
| #define HAVE_SYS_TYPES_H 1
| #define HAVE_SYS_STAT_H 1
| #define HAVE_STDLIB_H 1
| #define HAVE_STRING_H 1
| #define HAVE_MEMORY_H 1
| #define HAVE_STRINGS_H 1
| #define HAVE_INTTYPES_H 1
| #define HAVE_STDINT_H 1
| #define HAVE_UNISTD_H 1
| #define HAVE_ZLIB_H 1
| #define HAVE_GIF_LIB_H 1
| #define HAVE_WCHAR_H 1
| #define HAVE_JPEGLIB_H 1
| #define HAVE_ASSERT_H 1
| #define HAVE_SIGNAL_H 1
| #define HAVE_PTHREAD_H 1
| #define HAVE_SYS_STAT_H 1
| #define HAVE_SYS_MMAN_H 1
| #define HAVE_SYS_TYPES_H 1
| #define HAVE_DIRENT_H 1
| #define HAVE_SYS_DIR_H 1
| /* end confdefs.h.  */
| #include <stdio.h>
| #ifdef HAVE_SYS_TYPES_H
| # include <sys/types.h>
| #endif
| #ifdef HAVE_SYS_STAT_H
| # include <sys/stat.h>
| #endif
| #ifdef STDC_HEADERS
| # include <stdlib.h>
| # include <stddef.h>
| #else
| # ifdef HAVE_STDLIB_H
| #  include <stdlib.h>
| # endif
| #endif
| #ifdef HAVE_STRING_H
| # if !defined STDC_HEADERS && defined HAVE_MEMORY_H
| #  include <memory.h>
| # endif
| # include <string.h>
| #endif
| #ifdef HAVE_STRINGS_H
| # include <strings.h>
| #endif
| #ifdef HAVE_INTTYPES_H
| # include <inttypes.h>
| #endif
| #ifdef HAVE_STDINT_H
| # include <stdint.h>
| #endif
| #ifdef HAVE_UNISTD_H
| # include <unistd.h>
| #endif
| #include <ndir.h>
configure:5644: result: no
configure:5648: checking ndir.h presence
configure:5663: gcc -E  conftest.c
conftest.c:38: fatal error: ndir.h: No such file or directory
compilation terminated.
configure:5670: $? = 1
configure: failed program was:
| /* confdefs.h.  */
| #define PACKAGE_NAME ""
| #define PACKAGE_TARNAME ""
| #define PACKAGE_VERSION ""
| #define PACKAGE_STRING ""
| #define PACKAGE_BUGREPORT ""
| #define LINUX 1
| #define O_BINARY 0
| #define HAVE_LIBM 1
| #define HAVE_LIBZ 1
| #define HAVE_LIBJPEG 1
| #define HAVE_LIBUNGIF 1
| #define SYSTEM_BACKTICKS 1
| #define HAVE_DIRENT_H 1
| #define STDC_HEADERS 1
| #define HAVE_SYS_TYPES_H 1
| #define HAVE_SYS_STAT_H 1
| #define HAVE_STDLIB_H 1
| #define HAVE_STRING_H 1
| #define HAVE_MEMORY_H 1
| #define HAVE_STRINGS_H 1
| #define HAVE_INTTYPES_H 1
| #define HAVE_STDINT_H 1
| #define HAVE_UNISTD_H 1
| #define HAVE_ZLIB_H 1
| #define HAVE_GIF_LIB_H 1
| #define HAVE_WCHAR_H 1
| #define HAVE_JPEGLIB_H 1
| #define HAVE_ASSERT_H 1
| #define HAVE_SIGNAL_H 1
| #define HAVE_PTHREAD_H 1
| #define HAVE_SYS_STAT_H 1
| #define HAVE_SYS_MMAN_H 1
| #define HAVE_SYS_TYPES_H 1
| #define HAVE_DIRENT_H 1
| #define HAVE_SYS_DIR_H 1
| /* end confdefs.h.  */
| #include <ndir.h>
configure:5684: result: no
configure:5712: checking for ndir.h
configure:5721: result: no
configure:5606: checking time.h usability
configure:5623: gcc -c -fPIC -Wimplicit -Wreturn-type -Wno-write-strings -Wformat -O -fomit-frame-pointer   conftest.c >&5
configure:5630: $? = 0
configure:5644: result: yes
configure:5648: checking time.h presence
configure:5663: gcc -E  conftest.c
configure:5670: $? = 0
configure:5684: result: yes
configure:5712: checking for time.h
configure:5721: result: yes
configure:5606: checking sys/time.h usability
configure:5623: gcc -c -fPIC -Wimplicit -Wreturn-type -Wno-write-strings -Wformat -O -fomit-frame-pointer   conftest.c >&5
configure:5630: $? = 0
configure:5644: result: yes
configure:5648: checking sys/time.h presence
configure:5663: gcc -E  conftest.c
configure:5670: $? = 0
configure:5684: result: yes
configure:5712: checking for sys/time.h
configure:5721: result: yes
configure:5606: checking sys/resource.h usability
configure:5623: gcc -c -fPIC -Wimplicit -Wreturn-type -Wno-write-strings -Wformat -O -fomit-frame-pointer   conftest.c >&5
configure:5630: $? = 0
configure:5644: result: yes
configure:5648: checking sys/resource.h presence
configure:5663: gcc -E  conftest.c
configure:5670: $? = 0
configure:5684: result: yes
configure:5712: checking for sys/resource.h
configure:5721: result: yes
configure:5606: checking pdflib.h usability
configure:5623: gcc -c -fPIC -Wimplicit -Wreturn-type -Wno-write-strings -Wformat -O -fomit-frame-pointer   conftest.c >&5
conftest.c:74: fatal error: pdflib.h: No such file or directory
compilation terminated.
configure:5630: $? = 1
configure: failed program was:
| /* confdefs.h.  */
| #define PACKAGE_NAME ""
| #define PACKAGE_TARNAME ""
| #define PACKAGE_VERSION ""
| #define PACKAGE_STRING ""
| #define PACKAGE_BUGREPORT ""
| #define LINUX 1
| #define O_BINARY 0
| #define HAVE_LIBM 1
| #define HAVE_LIBZ 1
| #define HAVE_LIBJPEG 1
| #define HAVE_LIBUNGIF 1
| #define SYSTEM_BACKTICKS 1
| #define HAVE_DIRENT_H 1
| #define STDC_HEADERS 1
| #define HAVE_SYS_TYPES_H 1
| #define HAVE_SYS_STAT_H 1
| #define HAVE_STDLIB_H 1
| #define HAVE_STRING_H 1
| #define HAVE_MEMORY_H 1
| #define HAVE_STRINGS_H 1
| #define HAVE_INTTYPES_H 1
| #define HAVE_STDINT_H 1
| #define HAVE_UNISTD_H 1
| #define HAVE_ZLIB_H 1
| #define HAVE_GIF_LIB_H 1
| #define HAVE_WCHAR_H 1
| #define HAVE_JPEGLIB_H 1
| #define HAVE_ASSERT_H 1
| #define HAVE_SIGNAL_H 1
| #define HAVE_PTHREAD_H 1
| #define HAVE_SYS_STAT_H 1
| #define HAVE_SYS_MMAN_H 1
| #define HAVE_SYS_TYPES_H 1
| #define HAVE_DIRENT_H 1
| #define HAVE_SYS_DIR_H 1
| #define HAVE_TIME_H 1
| #define HAVE_SYS_TIME_H 1
| #define HAVE_SYS_RESOURCE_H 1
| /* end confdefs.h.  */
| #include <stdio.h>
| #ifdef HAVE_SYS_TYPES_H
| # include <sys/types.h>
| #endif
| #ifdef HAVE_SYS_STAT_H
| # include <sys/stat.h>
| #endif
| #ifdef STDC_HEADERS
| # include <stdlib.h>
| # include <stddef.h>
| #else
| # ifdef HAVE_STDLIB_H
| #  include <stdlib.h>
| # endif
| #endif
| #ifdef HAVE_STRING_H
| # if !defined STDC_HEADERS && defined HAVE_MEMORY_H
| #  include <memory.h>
| # endif
| # include <string.h>
| #endif
| #ifdef HAVE_STRINGS_H
| # include <strings.h>
| #endif
| #ifdef HAVE_INTTYPES_H
| # include <inttypes.h>
| #endif
| #ifdef HAVE_STDINT_H
| # include <stdint.h>
| #endif
| #ifdef HAVE_UNISTD_H
| # include <unistd.h>
| #endif
| #include <pdflib.h>
configure:5644: result: no
configure:5648: checking pdflib.h presence
configure:5663: gcc -E  conftest.c
conftest.c:41: fatal error: pdflib.h: No such file or directory
compilation terminated.
configure:5670: $? = 1
configure: failed program was:
| /* confdefs.h.  */
| #define PACKAGE_NAME ""
| #define PACKAGE_TARNAME ""
| #define PACKAGE_VERSION ""
| #define PACKAGE_STRING ""
| #define PACKAGE_BUGREPORT ""
| #define LINUX 1
| #define O_BINARY 0
| #define HAVE_LIBM 1
| #define HAVE_LIBZ 1
| #define HAVE_LIBJPEG 1
| #define HAVE_LIBUNGIF 1
| #define SYSTEM_BACKTICKS 1
| #define HAVE_DIRENT_H 1
| #define STDC_HEADERS 1
| #define HAVE_SYS_TYPES_H 1
| #define HAVE_SYS_STAT_H 1
| #define HAVE_STDLIB_H 1
| #define HAVE_STRING_H 1
| #define HAVE_MEMORY_H 1
| #define HAVE_STRINGS_H 1
| #define HAVE_INTTYPES_H 1
| #define HAVE_STDINT_H 1
| #define HAVE_UNISTD_H 1
| #define HAVE_ZLIB_H 1
| #define HAVE_GIF_LIB_H 1
| #define HAVE_WCHAR_H 1
| #define HAVE_JPEGLIB_H 1
| #define HAVE_ASSERT_H 1
| #define HAVE_SIGNAL_H 1
| #define HAVE_PTHREAD_H 1
| #define HAVE_SYS_STAT_H 1
| #define HAVE_SYS_MMAN_H 1
| #define HAVE_SYS_TYPES_H 1
| #define HAVE_DIRENT_H 1
| #define HAVE_SYS_DIR_H 1
| #define HAVE_TIME_H 1
| #define HAVE_SYS_TIME_H 1
| #define HAVE_SYS_RESOURCE_H 1
| /* end confdefs.h.  */
| #include <pdflib.h>
configure:5684: result: no
configure:5712: checking for pdflib.h
configure:5721: result: no
configure:5606: checking zzip/lib.h usability
configure:5623: gcc -c -fPIC -Wimplicit -Wreturn-type -Wno-write-strings -Wformat -O -fomit-frame-pointer   conftest.c >&5
conftest.c:74: fatal error: zzip/lib.h: No such file or directory
compilation terminated.
configure:5630: $? = 1
configure: failed program was:
| /* confdefs.h.  */
| #define PACKAGE_NAME ""
| #define PACKAGE_TARNAME ""
| #define PACKAGE_VERSION ""
| #define PACKAGE_STRING ""
| #define PACKAGE_BUGREPORT ""
| #define LINUX 1
| #define O_BINARY 0
| #define HAVE_LIBM 1
| #define HAVE_LIBZ 1
| #define HAVE_LIBJPEG 1
| #define HAVE_LIBUNGIF 1
| #define SYSTEM_BACKTICKS 1
| #define HAVE_DIRENT_H 1
| #define STDC_HEADERS 1
| #define HAVE_SYS_TYPES_H 1
| #define HAVE_SYS_STAT_H 1
| #define HAVE_STDLIB_H 1
| #define HAVE_STRING_H 1
| #define HAVE_MEMORY_H 1
| #define HAVE_STRINGS_H 1
| #define HAVE_INTTYPES_H 1
| #define HAVE_STDINT_H 1
| #define HAVE_UNISTD_H 1
| #define HAVE_ZLIB_H 1
| #define HAVE_GIF_LIB_H 1
| #define HAVE_WCHAR_H 1
| #define HAVE_JPEGLIB_H 1
| #define HAVE_ASSERT_H 1
| #define HAVE_SIGNAL_H 1
| #define HAVE_PTHREAD_H 1
| #define HAVE_SYS_STAT_H 1
| #define HAVE_SYS_MMAN_H 1
| #define HAVE_SYS_TYPES_H 1
| #define HAVE_DIRENT_H 1
| #define HAVE_SYS_DIR_H 1
| #define HAVE_TIME_H 1
| #define HAVE_SYS_TIME_H 1
| #define HAVE_SYS_RESOURCE_H 1
| /* end confdefs.h.  */
| #include <stdio.h>
| #ifdef HAVE_SYS_TYPES_H
| # include <sys/types.h>
| #endif
| #ifdef HAVE_SYS_STAT_H
| # include <sys/stat.h>
| #endif
| #ifdef STDC_HEADERS
| # include <stdlib.h>
| # include <stddef.h>
| #else
| # ifdef HAVE_STDLIB_H
| #  include <stdlib.h>
| # endif
| #endif
| #ifdef HAVE_STRING_H
| # if !defined STDC_HEADERS && defined HAVE_MEMORY_H
| #  include <memory.h>
| # endif
| # include <string.h>
| #endif
| #ifdef HAVE_STRINGS_H
| # include <strings.h>
| #endif
| #ifdef HAVE_INTTYPES_H
| # include <inttypes.h>
| #endif
| #ifdef HAVE_STDINT_H
| # include <stdint.h>
| #endif
| #ifdef HAVE_UNISTD_H
| # include <unistd.h>
| #endif
| #include <zzip/lib.h>
configure:5644: result: no
configure:5648: checking zzip/lib.h presence
configure:5663: gcc -E  conftest.c
conftest.c:41: fatal error: zzip/lib.h: No such file or directory
compilation terminated.
configure:5670: $? = 1
configure: failed program was:
| /* confdefs.h.  */
| #define PACKAGE_NAME ""
| #define PACKAGE_TARNAME ""
| #define PACKAGE_VERSION ""
| #define PACKAGE_STRING ""
| #define PACKAGE_BUGREPORT ""
| #define LINUX 1
| #define O_BINARY 0
| #define HAVE_LIBM 1
| #define HAVE_LIBZ 1
| #define HAVE_LIBJPEG 1
| #define HAVE_LIBUNGIF 1
| #define SYSTEM_BACKTICKS 1
| #define HAVE_DIRENT_H 1
| #define STDC_HEADERS 1
| #define HAVE_SYS_TYPES_H 1
| #define HAVE_SYS_STAT_H 1
| #define HAVE_STDLIB_H 1
| #define HAVE_STRING_H 1
| #define HAVE_MEMORY_H 1
| #define HAVE_STRINGS_H 1
| #define HAVE_INTTYPES_H 1
| #define HAVE_STDINT_H 1
| #define HAVE_UNISTD_H 1
| #define HAVE_ZLIB_H 1
| #define HAVE_GIF_LIB_H 1
| #define HAVE_WCHAR_H 1
| #define HAVE_JPEGLIB_H 1
| #define HAVE_ASSERT_H 1
| #define HAVE_SIGNAL_H 1
| #define HAVE_PTHREAD_H 1
| #define HAVE_SYS_STAT_H 1
| #define HAVE_SYS_MMAN_H 1
| #define HAVE_SYS_TYPES_H 1
| #define HAVE_DIRENT_H 1
| #define HAVE_SYS_DIR_H 1
| #define HAVE_TIME_H 1
| #define HAVE_SYS_TIME_H 1
| #define HAVE_SYS_RESOURCE_H 1
| /* end confdefs.h.  */
| #include <zzip/lib.h>
configure:5684: result: no
configure:5712: checking for zzip/lib.h
configure:5721: result: no
configure:5753: checking for an ANSI C-conforming const
configure:5828: gcc -c -fPIC -Wimplicit -Wreturn-type -Wno-write-strings -Wformat -O -fomit-frame-pointer   conftest.c >&5
configure:5835: $? = 0
configure:5850: result: yes
configure:5860: checking for inline
configure:5886: gcc -c -fPIC -Wimplicit -Wreturn-type -Wno-write-strings -Wformat -O -fomit-frame-pointer   conftest.c >&5
configure:5893: $? = 0
configure:5911: result: inline
configure:5930: checking for off_t
configure:5958: gcc -c -fPIC -Wimplicit -Wreturn-type -Wno-write-strings -Wformat -O -fomit-frame-pointer   conftest.c >&5
configure:5965: $? = 0
configure:5992: gcc -c -fPIC -Wimplicit -Wreturn-type -Wno-write-strings -Wformat -O -fomit-frame-pointer   conftest.c >&5
conftest.c: In function 'main':
conftest.c:79: error: expected expression before ')' token
configure:5999: $? = 1
configure: failed program was:
| /* confdefs.h.  */
| #define PACKAGE_NAME ""
| #define PACKAGE_TARNAME ""
| #define PACKAGE_VERSION ""
| #define PACKAGE_STRING ""
| #define PACKAGE_BUGREPORT ""
| #define LINUX 1
| #define O_BINARY 0
| #define HAVE_LIBM 1
| #define HAVE_LIBZ 1
| #define HAVE_LIBJPEG 1
| #define HAVE_LIBUNGIF 1
| #define SYSTEM_BACKTICKS 1
| #define HAVE_DIRENT_H 1
| #define STDC_HEADERS 1
| #define HAVE_SYS_TYPES_H 1
| #define HAVE_SYS_STAT_H 1
| #define HAVE_STDLIB_H 1
| #define HAVE_STRING_H 1
| #define HAVE_MEMORY_H 1
| #define HAVE_STRINGS_H 1
| #define HAVE_INTTYPES_H 1
| #define HAVE_STDINT_H 1
| #define HAVE_UNISTD_H 1
| #define HAVE_ZLIB_H 1
| #define HAVE_GIF_LIB_H 1
| #define HAVE_WCHAR_H 1
| #define HAVE_JPEGLIB_H 1
| #define HAVE_ASSERT_H 1
| #define HAVE_SIGNAL_H 1
| #define HAVE_PTHREAD_H 1
| #define HAVE_SYS_STAT_H 1
| #define HAVE_SYS_MMAN_H 1
| #define HAVE_SYS_TYPES_H 1
| #define HAVE_DIRENT_H 1
| #define HAVE_SYS_DIR_H 1
| #define HAVE_TIME_H 1
| #define HAVE_SYS_TIME_H 1
| #define HAVE_SYS_RESOURCE_H 1
| #define PACKAGE "swftools"
| #define VERSION "0.9.1"
| /* end confdefs.h.  */
| #include <stdio.h>
| #ifdef HAVE_SYS_TYPES_H
| # include <sys/types.h>
| #endif
| #ifdef HAVE_SYS_STAT_H
| # include <sys/stat.h>
| #endif
| #ifdef STDC_HEADERS
| # include <stdlib.h>
| # include <stddef.h>
| #else
| # ifdef HAVE_STDLIB_H
| #  include <stdlib.h>
| # endif
| #endif
| #ifdef HAVE_STRING_H
| # if !defined STDC_HEADERS && defined HAVE_MEMORY_H
| #  include <memory.h>
| # endif
| # include <string.h>
| #endif
| #ifdef HAVE_STRINGS_H
| # include <strings.h>
| #endif
| #ifdef HAVE_INTTYPES_H
| # include <inttypes.h>
| #endif
| #ifdef HAVE_STDINT_H
| # include <stdint.h>
| #endif
| #ifdef HAVE_UNISTD_H
| # include <unistd.h>
| #endif
| int
| main ()
| {
| if (sizeof ((off_t)))
| 	  return 0;
|   ;
|   return 0;
| }
configure:6022: result: yes
configure:6034: checking for size_t
configure:6062: gcc -c -fPIC -Wimplicit -Wreturn-type -Wno-write-strings -Wformat -O -fomit-frame-pointer   conftest.c >&5
configure:6069: $? = 0
configure:6096: gcc -c -fPIC -Wimplicit -Wreturn-type -Wno-write-strings -Wformat -O -fomit-frame-pointer   conftest.c >&5
conftest.c: In function 'main':
conftest.c:79: error: expected expression before ')' token
configure:6103: $? = 1
configure: failed program was:
| /* confdefs.h.  */
| #define PACKAGE_NAME ""
| #define PACKAGE_TARNAME ""
| #define PACKAGE_VERSION ""
| #define PACKAGE_STRING ""
| #define PACKAGE_BUGREPORT ""
| #define LINUX 1
| #define O_BINARY 0
| #define HAVE_LIBM 1
| #define HAVE_LIBZ 1
| #define HAVE_LIBJPEG 1
| #define HAVE_LIBUNGIF 1
| #define SYSTEM_BACKTICKS 1
| #define HAVE_DIRENT_H 1
| #define STDC_HEADERS 1
| #define HAVE_SYS_TYPES_H 1
| #define HAVE_SYS_STAT_H 1
| #define HAVE_STDLIB_H 1
| #define HAVE_STRING_H 1
| #define HAVE_MEMORY_H 1
| #define HAVE_STRINGS_H 1
| #define HAVE_INTTYPES_H 1
| #define HAVE_STDINT_H 1
| #define HAVE_UNISTD_H 1
| #define HAVE_ZLIB_H 1
| #define HAVE_GIF_LIB_H 1
| #define HAVE_WCHAR_H 1
| #define HAVE_JPEGLIB_H 1
| #define HAVE_ASSERT_H 1
| #define HAVE_SIGNAL_H 1
| #define HAVE_PTHREAD_H 1
| #define HAVE_SYS_STAT_H 1
| #define HAVE_SYS_MMAN_H 1
| #define HAVE_SYS_TYPES_H 1
| #define HAVE_DIRENT_H 1
| #define HAVE_SYS_DIR_H 1
| #define HAVE_TIME_H 1
| #define HAVE_SYS_TIME_H 1
| #define HAVE_SYS_RESOURCE_H 1
| #define PACKAGE "swftools"
| #define VERSION "0.9.1"
| /* end confdefs.h.  */
| #include <stdio.h>
| #ifdef HAVE_SYS_TYPES_H
| # include <sys/types.h>
| #endif
| #ifdef HAVE_SYS_STAT_H
| # include <sys/stat.h>
| #endif
| #ifdef STDC_HEADERS
| # include <stdlib.h>
| # include <stddef.h>
| #else
| # ifdef HAVE_STDLIB_H
| #  include <stdlib.h>
| # endif
| #endif
| #ifdef HAVE_STRING_H
| # if !defined STDC_HEADERS && defined HAVE_MEMORY_H
| #  include <memory.h>
| # endif
| # include <string.h>
| #endif
| #ifdef HAVE_STRINGS_H
| # include <strings.h>
| #endif
| #ifdef HAVE_INTTYPES_H
| # include <inttypes.h>
| #endif
| #ifdef HAVE_STDINT_H
| # include <stdint.h>
| #endif
| #ifdef HAVE_UNISTD_H
| # include <unistd.h>
| #endif
| int
| main ()
| {
| if (sizeof ((size_t)))
| 	  return 0;
|   ;
|   return 0;
| }
configure:6126: result: yes
configure:6138: checking whether struct tm is in sys/time.h or time.h
configure:6168: gcc -c -fPIC -Wimplicit -Wreturn-type -Wno-write-strings -Wformat -O -fomit-frame-pointer   conftest.c >&5
configure:6175: $? = 0
configure:6190: result: time.h
configure:6200: checking for boolean
configure:6228: gcc -c -fPIC -Wimplicit -Wreturn-type -Wno-write-strings -Wformat -O -fomit-frame-pointer   conftest.c >&5
conftest.c: In function 'main':
conftest.c:79: error: 'boolean' undeclared (first use in this function)
conftest.c:79: error: (Each undeclared identifier is reported only once
conftest.c:79: error: for each function it appears in.)
configure:6235: $? = 1
configure: failed program was:
| /* confdefs.h.  */
| #define PACKAGE_NAME ""
| #define PACKAGE_TARNAME ""
| #define PACKAGE_VERSION ""
| #define PACKAGE_STRING ""
| #define PACKAGE_BUGREPORT ""
| #define LINUX 1
| #define O_BINARY 0
| #define HAVE_LIBM 1
| #define HAVE_LIBZ 1
| #define HAVE_LIBJPEG 1
| #define HAVE_LIBUNGIF 1
| #define SYSTEM_BACKTICKS 1
| #define HAVE_DIRENT_H 1
| #define STDC_HEADERS 1
| #define HAVE_SYS_TYPES_H 1
| #define HAVE_SYS_STAT_H 1
| #define HAVE_STDLIB_H 1
| #define HAVE_STRING_H 1
| #define HAVE_MEMORY_H 1
| #define HAVE_STRINGS_H 1
| #define HAVE_INTTYPES_H 1
| #define HAVE_STDINT_H 1
| #define HAVE_UNISTD_H 1
| #define HAVE_ZLIB_H 1
| #define HAVE_GIF_LIB_H 1
| #define HAVE_WCHAR_H 1
| #define HAVE_JPEGLIB_H 1
| #define HAVE_ASSERT_H 1
| #define HAVE_SIGNAL_H 1
| #define HAVE_PTHREAD_H 1
| #define HAVE_SYS_STAT_H 1
| #define HAVE_SYS_MMAN_H 1
| #define HAVE_SYS_TYPES_H 1
| #define HAVE_DIRENT_H 1
| #define HAVE_SYS_DIR_H 1
| #define HAVE_TIME_H 1
| #define HAVE_SYS_TIME_H 1
| #define HAVE_SYS_RESOURCE_H 1
| #define PACKAGE "swftools"
| #define VERSION "0.9.1"
| /* end confdefs.h.  */
| #include <stdio.h>
| #ifdef HAVE_SYS_TYPES_H
| # include <sys/types.h>
| #endif
| #ifdef HAVE_SYS_STAT_H
| # include <sys/stat.h>
| #endif
| #ifdef STDC_HEADERS
| # include <stdlib.h>
| # include <stddef.h>
| #else
| # ifdef HAVE_STDLIB_H
| #  include <stdlib.h>
| # endif
| #endif
| #ifdef HAVE_STRING_H
| # if !defined STDC_HEADERS && defined HAVE_MEMORY_H
| #  include <memory.h>
| # endif
| # include <string.h>
| #endif
| #ifdef HAVE_STRINGS_H
| # include <strings.h>
| #endif
| #ifdef HAVE_INTTYPES_H
| # include <inttypes.h>
| #endif
| #ifdef HAVE_STDINT_H
| # include <stdint.h>
| #endif
| #ifdef HAVE_UNISTD_H
| # include <unistd.h>
| #endif
| int
| main ()
| {
| if (sizeof (boolean))
|        return 0;
|   ;
|   return 0;
| }
configure:6292: result: no
configure:6324: checking for popen
configure:6380: gcc -o conftest -fPIC -Wimplicit -Wreturn-type -Wno-write-strings -Wformat -O -fomit-frame-pointer    -L/usr/local/lib conftest.c -lungif -ljpeg -lz -lm  >&5
configure:6387: $? = 0
configure:6409: result: yes
configure:6324: checking for wcschr
configure:6380: gcc -o conftest -fPIC -Wimplicit -Wreturn-type -Wno-write-strings -Wformat -O -fomit-frame-pointer    -L/usr/local/lib conftest.c -lungif -ljpeg -lz -lm  >&5
configure:6387: $? = 0
configure:6409: result: yes
configure:6324: checking for wcsdup
configure:6380: gcc -o conftest -fPIC -Wimplicit -Wreturn-type -Wno-write-strings -Wformat -O -fomit-frame-pointer    -L/usr/local/lib conftest.c -lungif -ljpeg -lz -lm  >&5
configure:6387: $? = 0
configure:6409: result: yes
configure:6324: checking for mkstemp
configure:6380: gcc -o conftest -fPIC -Wimplicit -Wreturn-type -Wno-write-strings -Wformat -O -fomit-frame-pointer    -L/usr/local/lib conftest.c -lungif -ljpeg -lz -lm  >&5
configure:6387: $? = 0
configure:6409: result: yes
configure:6324: checking for stat
configure:6380: gcc -o conftest -fPIC -Wimplicit -Wreturn-type -Wno-write-strings -Wformat -O -fomit-frame-pointer    -L/usr/local/lib conftest.c -lungif -ljpeg -lz -lm  >&5
configure:6387: $? = 0
configure:6409: result: yes
configure:6324: checking for mmap
configure:6380: gcc -o conftest -fPIC -Wimplicit -Wreturn-type -Wno-write-strings -Wformat -O -fomit-frame-pointer    -L/usr/local/lib conftest.c -lungif -ljpeg -lz -lm  >&5
configure:6387: $? = 0
configure:6409: result: yes
configure:6324: checking for lrand48
configure:6380: gcc -o conftest -fPIC -Wimplicit -Wreturn-type -Wno-write-strings -Wformat -O -fomit-frame-pointer    -L/usr/local/lib conftest.c -lungif -ljpeg -lz -lm  >&5
configure:6387: $? = 0
configure:6409: result: yes
configure:6324: checking for rand
configure:6380: gcc -o conftest -fPIC -Wimplicit -Wreturn-type -Wno-write-strings -Wformat -O -fomit-frame-pointer    -L/usr/local/lib conftest.c -lungif -ljpeg -lz -lm  >&5
configure:6387: $? = 0
configure:6409: result: yes
configure:6324: checking for srand48
configure:6380: gcc -o conftest -fPIC -Wimplicit -Wreturn-type -Wno-write-strings -Wformat -O -fomit-frame-pointer    -L/usr/local/lib conftest.c -lungif -ljpeg -lz -lm  >&5
configure:6387: $? = 0
configure:6409: result: yes
configure:6324: checking for srand
configure:6380: gcc -o conftest -fPIC -Wimplicit -Wreturn-type -Wno-write-strings -Wformat -O -fomit-frame-pointer    -L/usr/local/lib conftest.c -lungif -ljpeg -lz -lm  >&5
configure:6387: $? = 0
configure:6409: result: yes
configure:6324: checking for bcopy
configure:6380: gcc -o conftest -fPIC -Wimplicit -Wreturn-type -Wno-write-strings -Wformat -O -fomit-frame-pointer    -L/usr/local/lib conftest.c -lungif -ljpeg -lz -lm  >&5
conftest.c:77: warning: conflicting types for built-in function 'bcopy'
configure:6387: $? = 0
configure:6409: result: yes
configure:6324: checking for bzero
configure:6380: gcc -o conftest -fPIC -Wimplicit -Wreturn-type -Wno-write-strings -Wformat -O -fomit-frame-pointer    -L/usr/local/lib conftest.c -lungif -ljpeg -lz -lm  >&5
conftest.c:78: warning: conflicting types for built-in function 'bzero'
configure:6387: $? = 0
configure:6409: result: yes
configure:6324: checking for time
configure:6380: gcc -o conftest -fPIC -Wimplicit -Wreturn-type -Wno-write-strings -Wformat -O -fomit-frame-pointer    -L/usr/local/lib conftest.c -lungif -ljpeg -lz -lm  >&5
configure:6387: $? = 0
configure:6409: result: yes
configure:6324: checking for getrusage
configure:6380: gcc -o conftest -fPIC -Wimplicit -Wreturn-type -Wno-write-strings -Wformat -O -fomit-frame-pointer    -L/usr/local/lib conftest.c -lungif -ljpeg -lz -lm  >&5
configure:6387: $? = 0
configure:6409: result: yes
configure:6324: checking for mallinfo
configure:6380: gcc -o conftest -fPIC -Wimplicit -Wreturn-type -Wno-write-strings -Wformat -O -fomit-frame-pointer    -L/usr/local/lib conftest.c -lungif -ljpeg -lz -lm  >&5
configure:6387: $? = 0
configure:6409: result: yes
configure:6324: checking for open64
configure:6380: gcc -o conftest -fPIC -Wimplicit -Wreturn-type -Wno-write-strings -Wformat -O -fomit-frame-pointer    -L/usr/local/lib conftest.c -lungif -ljpeg -lz -lm  >&5
configure:6387: $? = 0
configure:6409: result: yes
configure:6324: checking for calloc
configure:6380: gcc -o conftest -fPIC -Wimplicit -Wreturn-type -Wno-write-strings -Wformat -O -fomit-frame-pointer    -L/usr/local/lib conftest.c -lungif -ljpeg -lz -lm  >&5
conftest.c:83: warning: conflicting types for built-in function 'calloc'
configure:6387: $? = 0
configure:6409: result: yes
configure:6426: checking size of signed char
configure:6731: gcc -o conftest -fPIC -Wimplicit -Wreturn-type -Wno-write-strings -Wformat -O -fomit-frame-pointer    -L/usr/local/lib conftest.c -lungif -ljpeg -lz -lm  >&5
configure:6735: $? = 0
configure:6741: ./conftest
configure:6745: $? = 0
configure:6771: result: 1
configure:6785: checking size of signed short
configure:7090: gcc -o conftest -fPIC -Wimplicit -Wreturn-type -Wno-write-strings -Wformat -O -fomit-frame-pointer    -L/usr/local/lib conftest.c -lungif -ljpeg -lz -lm  >&5
configure:7094: $? = 0
configure:7100: ./conftest
configure:7104: $? = 0
configure:7130: result: 2
configure:7144: checking size of signed
configure:7449: gcc -o conftest -fPIC -Wimplicit -Wreturn-type -Wno-write-strings -Wformat -O -fomit-frame-pointer    -L/usr/local/lib conftest.c -lungif -ljpeg -lz -lm  >&5
configure:7453: $? = 0
configure:7459: ./conftest
configure:7463: $? = 0
configure:7489: result: 4
configure:7503: checking size of signed long long
configure:7808: gcc -o conftest -fPIC -Wimplicit -Wreturn-type -Wno-write-strings -Wformat -O -fomit-frame-pointer    -L/usr/local/lib conftest.c -lungif -ljpeg -lz -lm  >&5
configure:7812: $? = 0
configure:7818: ./conftest
configure:7822: $? = 0
configure:7848: result: 8
configure:7862: checking size of void*
configure:8167: gcc -o conftest -fPIC -Wimplicit -Wreturn-type -Wno-write-strings -Wformat -O -fomit-frame-pointer    -L/usr/local/lib conftest.c -lungif -ljpeg -lz -lm  >&5
configure:8171: $? = 0
configure:8177: ./conftest
configure:8181: $? = 0
configure:8207: result: 8
configure:8222: checking for freetype-config
configure:8241: found /usr/bin/freetype-config
configure:8253: result: /usr/bin/freetype-config
configure:8365: checking ft2build.h usability
configure:8382: gcc -c -fPIC -Wimplicit -Wreturn-type -Wno-write-strings -Wformat -O -fomit-frame-pointer   -I/usr/include/freetype2 conftest.c >&5
configure:8389: $? = 0
configure:8403: result: yes
configure:8407: checking ft2build.h presence
configure:8422: gcc -E  -I/usr/include/freetype2 conftest.c
configure:8429: $? = 0
configure:8443: result: yes
configure:8471: checking for ft2build.h
configure:8480: result: yes
configure:8665: checking whether we can compile the freetype test program
freetype.m4:71: gcc  -I/usr/include/freetype2 -fPIC -Wimplicit -Wreturn-type -Wno-write-strings -Wformat -O -fomit-frame-pointer  conftest.c  -L/usr/local/lib -lungif -ljpeg -lz -lm  -lfreetype -lz -o conftest
configure:8726: result: yes
configure:8768: checking for FcInit in -lfontconfig
configure:8803: gcc  -I/usr/include/freetype2 -fPIC -Wimplicit -Wreturn-type -Wno-write-strings -Wformat -O -fomit-frame-pointer  conftest.c  -L/usr/local/lib -lfontconfig  -lungif -ljpeg -lz -lm  -lfreetype -lz -o conftest
/usr/bin/ld: cannot find -lfontconfig
collect2: ld returned 1 exit status
configure:8810: $? = 1
configure: failed program was:
| /* confdefs.h.  */
| #define PACKAGE_NAME ""
| #define PACKAGE_TARNAME ""
| #define PACKAGE_VERSION ""
| #define PACKAGE_STRING ""
| #define PACKAGE_BUGREPORT ""
| #define LINUX 1
| #define O_BINARY 0
| #define HAVE_LIBM 1
| #define HAVE_LIBZ 1
| #define HAVE_LIBJPEG 1
| #define HAVE_LIBUNGIF 1
| #define SYSTEM_BACKTICKS 1
| #define HAVE_DIRENT_H 1
| #define STDC_HEADERS 1
| #define HAVE_SYS_TYPES_H 1
| #define HAVE_SYS_STAT_H 1
| #define HAVE_STDLIB_H 1
| #define HAVE_STRING_H 1
| #define HAVE_MEMORY_H 1
| #define HAVE_STRINGS_H 1
| #define HAVE_INTTYPES_H 1
| #define HAVE_STDINT_H 1
| #define HAVE_UNISTD_H 1
| #define HAVE_ZLIB_H 1
| #define HAVE_GIF_LIB_H 1
| #define HAVE_WCHAR_H 1
| #define HAVE_JPEGLIB_H 1
| #define HAVE_ASSERT_H 1
| #define HAVE_SIGNAL_H 1
| #define HAVE_PTHREAD_H 1
| #define HAVE_SYS_STAT_H 1
| #define HAVE_SYS_MMAN_H 1
| #define HAVE_SYS_TYPES_H 1
| #define HAVE_DIRENT_H 1
| #define HAVE_SYS_DIR_H 1
| #define HAVE_TIME_H 1
| #define HAVE_SYS_TIME_H 1
| #define HAVE_SYS_RESOURCE_H 1
| #define PACKAGE "swftools"
| #define VERSION "0.9.1"
| #define boolean int
| #define HAVE_POPEN 1
| #define HAVE_WCSCHR 1
| #define HAVE_WCSDUP 1
| #define HAVE_MKSTEMP 1
| #define HAVE_STAT 1
| #define HAVE_MMAP 1
| #define HAVE_LRAND48 1
| #define HAVE_RAND 1
| #define HAVE_SRAND48 1
| #define HAVE_SRAND 1
| #define HAVE_BCOPY 1
| #define HAVE_BZERO 1
| #define HAVE_TIME 1
| #define HAVE_GETRUSAGE 1
| #define HAVE_MALLINFO 1
| #define HAVE_OPEN64 1
| #define HAVE_CALLOC 1
| #define SIZEOF_SIGNED_CHAR 1
| #define SIZEOF_SIGNED_SHORT 2
| #define SIZEOF_SIGNED 4
| #define SIZEOF_SIGNED_LONG_LONG 8
| #define SIZEOF_VOIDP 8
| #define HAVE_FT2BUILD_H 1
| #define HAVE_FREETYPE 1
| #define HAVE_FREETYPE_FREETYPE_H 1
| #define USE_FREETYPE 1
| /* end confdefs.h.  */
| 
| /* Override any GCC internal prototype to avoid an error.
|    Use char because int might match the return type of a GCC
|    builtin and then its argument prototype would still apply.  */
| #ifdef __cplusplus
| extern "C"
| #endif
| char FcInit ();
| int
| main ()
| {
| return FcInit ();
|   ;
|   return 0;
| }
configure:8831: result: no
configure:8853: checking fontconfig.h usability
configure:8870: gcc -c -fPIC -Wimplicit -Wreturn-type -Wno-write-strings -Wformat -O -fomit-frame-pointer   -I/usr/include/freetype2 conftest.c >&5
conftest.c:103: fatal error: fontconfig.h: No such file or directory
compilation terminated.
configure:8877: $? = 1
configure: failed program was:
| /* confdefs.h.  */
| #define PACKAGE_NAME ""
| #define PACKAGE_TARNAME ""
| #define PACKAGE_VERSION ""
| #define PACKAGE_STRING ""
| #define PACKAGE_BUGREPORT ""
| #define LINUX 1
| #define O_BINARY 0
| #define HAVE_LIBM 1
| #define HAVE_LIBZ 1
| #define HAVE_LIBJPEG 1
| #define HAVE_LIBUNGIF 1
| #define SYSTEM_BACKTICKS 1
| #define HAVE_DIRENT_H 1
| #define STDC_HEADERS 1
| #define HAVE_SYS_TYPES_H 1
| #define HAVE_SYS_STAT_H 1
| #define HAVE_STDLIB_H 1
| #define HAVE_STRING_H 1
| #define HAVE_MEMORY_H 1
| #define HAVE_STRINGS_H 1
| #define HAVE_INTTYPES_H 1
| #define HAVE_STDINT_H 1
| #define HAVE_UNISTD_H 1
| #define HAVE_ZLIB_H 1
| #define HAVE_GIF_LIB_H 1
| #define HAVE_WCHAR_H 1
| #define HAVE_JPEGLIB_H 1
| #define HAVE_ASSERT_H 1
| #define HAVE_SIGNAL_H 1
| #define HAVE_PTHREAD_H 1
| #define HAVE_SYS_STAT_H 1
| #define HAVE_SYS_MMAN_H 1
| #define HAVE_SYS_TYPES_H 1
| #define HAVE_DIRENT_H 1
| #define HAVE_SYS_DIR_H 1
| #define HAVE_TIME_H 1
| #define HAVE_SYS_TIME_H 1
| #define HAVE_SYS_RESOURCE_H 1
| #define PACKAGE "swftools"
| #define VERSION "0.9.1"
| #define boolean int
| #define HAVE_POPEN 1
| #define HAVE_WCSCHR 1
| #define HAVE_WCSDUP 1
| #define HAVE_MKSTEMP 1
| #define HAVE_STAT 1
| #define HAVE_MMAP 1
| #define HAVE_LRAND48 1
| #define HAVE_RAND 1
| #define HAVE_SRAND48 1
| #define HAVE_SRAND 1
| #define HAVE_BCOPY 1
| #define HAVE_BZERO 1
| #define HAVE_TIME 1
| #define HAVE_GETRUSAGE 1
| #define HAVE_MALLINFO 1
| #define HAVE_OPEN64 1
| #define HAVE_CALLOC 1
| #define SIZEOF_SIGNED_CHAR 1
| #define SIZEOF_SIGNED_SHORT 2
| #define SIZEOF_SIGNED 4
| #define SIZEOF_SIGNED_LONG_LONG 8
| #define SIZEOF_VOIDP 8
| #define HAVE_FT2BUILD_H 1
| #define HAVE_FREETYPE 1
| #define HAVE_FREETYPE_FREETYPE_H 1
| #define USE_FREETYPE 1
| /* end confdefs.h.  */
| #include <stdio.h>
| #ifdef HAVE_SYS_TYPES_H
| # include <sys/types.h>
| #endif
| #ifdef HAVE_SYS_STAT_H
| # include <sys/stat.h>
| #endif
| #ifdef STDC_HEADERS
| # include <stdlib.h>
| # include <stddef.h>
| #else
| # ifdef HAVE_STDLIB_H
| #  include <stdlib.h>
| # endif
| #endif
| #ifdef HAVE_STRING_H
| # if !defined STDC_HEADERS && defined HAVE_MEMORY_H
| #  include <memory.h>
| # endif
| # include <string.h>
| #endif
| #ifdef HAVE_STRINGS_H
| # include <strings.h>
| #endif
| #ifdef HAVE_INTTYPES_H
| # include <inttypes.h>
| #endif
| #ifdef HAVE_STDINT_H
| # include <stdint.h>
| #endif
| #ifdef HAVE_UNISTD_H
| # include <unistd.h>
| #endif
| #include <fontconfig.h>
configure:8891: result: no
configure:8895: checking fontconfig.h presence
configure:8910: gcc -E  -I/usr/include/freetype2 conftest.c
conftest.c:70: fatal error: fontconfig.h: No such file or directory
compilation terminated.
configure:8917: $? = 1
configure: failed program was:
| /* confdefs.h.  */
| #define PACKAGE_NAME ""
| #define PACKAGE_TARNAME ""
| #define PACKAGE_VERSION ""
| #define PACKAGE_STRING ""
| #define PACKAGE_BUGREPORT ""
| #define LINUX 1
| #define O_BINARY 0
| #define HAVE_LIBM 1
| #define HAVE_LIBZ 1
| #define HAVE_LIBJPEG 1
| #define HAVE_LIBUNGIF 1
| #define SYSTEM_BACKTICKS 1
| #define HAVE_DIRENT_H 1
| #define STDC_HEADERS 1
| #define HAVE_SYS_TYPES_H 1
| #define HAVE_SYS_STAT_H 1
| #define HAVE_STDLIB_H 1
| #define HAVE_STRING_H 1
| #define HAVE_MEMORY_H 1
| #define HAVE_STRINGS_H 1
| #define HAVE_INTTYPES_H 1
| #define HAVE_STDINT_H 1
| #define HAVE_UNISTD_H 1
| #define HAVE_ZLIB_H 1
| #define HAVE_GIF_LIB_H 1
| #define HAVE_WCHAR_H 1
| #define HAVE_JPEGLIB_H 1
| #define HAVE_ASSERT_H 1
| #define HAVE_SIGNAL_H 1
| #define HAVE_PTHREAD_H 1
| #define HAVE_SYS_STAT_H 1
| #define HAVE_SYS_MMAN_H 1
| #define HAVE_SYS_TYPES_H 1
| #define HAVE_DIRENT_H 1
| #define HAVE_SYS_DIR_H 1
| #define HAVE_TIME_H 1
| #define HAVE_SYS_TIME_H 1
| #define HAVE_SYS_RESOURCE_H 1
| #define PACKAGE "swftools"
| #define VERSION "0.9.1"
| #define boolean int
| #define HAVE_POPEN 1
| #define HAVE_WCSCHR 1
| #define HAVE_WCSDUP 1
| #define HAVE_MKSTEMP 1
| #define HAVE_STAT 1
| #define HAVE_MMAP 1
| #define HAVE_LRAND48 1
| #define HAVE_RAND 1
| #define HAVE_SRAND48 1
| #define HAVE_SRAND 1
| #define HAVE_BCOPY 1
| #define HAVE_BZERO 1
| #define HAVE_TIME 1
| #define HAVE_GETRUSAGE 1
| #define HAVE_MALLINFO 1
| #define HAVE_OPEN64 1
| #define HAVE_CALLOC 1
| #define SIZEOF_SIGNED_CHAR 1
| #define SIZEOF_SIGNED_SHORT 2
| #define SIZEOF_SIGNED 4
| #define SIZEOF_SIGNED_LONG_LONG 8
| #define SIZEOF_VOIDP 8
| #define HAVE_FT2BUILD_H 1
| #define HAVE_FREETYPE 1
| #define HAVE_FREETYPE_FREETYPE_H 1
| #define USE_FREETYPE 1
| /* end confdefs.h.  */
| #include <fontconfig.h>
configure:8931: result: no
configure:8959: checking for fontconfig.h
configure:8968: result: no
configure:9068: checking for fftw_plan_dft_r2c_2d in -lfftw3
configure:9103: gcc  -I/usr/include/freetype2 -fPIC -Wimplicit -Wreturn-type -Wno-write-strings -Wformat -O -fomit-frame-pointer  conftest.c  -L/usr/local/lib -lfftw3  -lungif -ljpeg -lz -lm  -lfreetype -lz -o conftest
/usr/bin/ld: cannot find -lfftw3
collect2: ld returned 1 exit status
configure:9110: $? = 1
configure: failed program was:
| /* confdefs.h.  */
| #define PACKAGE_NAME ""
| #define PACKAGE_TARNAME ""
| #define PACKAGE_VERSION ""
| #define PACKAGE_STRING ""
| #define PACKAGE_BUGREPORT ""
| #define LINUX 1
| #define O_BINARY 0
| #define HAVE_LIBM 1
| #define HAVE_LIBZ 1
| #define HAVE_LIBJPEG 1
| #define HAVE_LIBUNGIF 1
| #define SYSTEM_BACKTICKS 1
| #define HAVE_DIRENT_H 1
| #define STDC_HEADERS 1
| #define HAVE_SYS_TYPES_H 1
| #define HAVE_SYS_STAT_H 1
| #define HAVE_STDLIB_H 1
| #define HAVE_STRING_H 1
| #define HAVE_MEMORY_H 1
| #define HAVE_STRINGS_H 1
| #define HAVE_INTTYPES_H 1
| #define HAVE_STDINT_H 1
| #define HAVE_UNISTD_H 1
| #define HAVE_ZLIB_H 1
| #define HAVE_GIF_LIB_H 1
| #define HAVE_WCHAR_H 1
| #define HAVE_JPEGLIB_H 1
| #define HAVE_ASSERT_H 1
| #define HAVE_SIGNAL_H 1
| #define HAVE_PTHREAD_H 1
| #define HAVE_SYS_STAT_H 1
| #define HAVE_SYS_MMAN_H 1
| #define HAVE_SYS_TYPES_H 1
| #define HAVE_DIRENT_H 1
| #define HAVE_SYS_DIR_H 1
| #define HAVE_TIME_H 1
| #define HAVE_SYS_TIME_H 1
| #define HAVE_SYS_RESOURCE_H 1
| #define PACKAGE "swftools"
| #define VERSION "0.9.1"
| #define boolean int
| #define HAVE_POPEN 1
| #define HAVE_WCSCHR 1
| #define HAVE_WCSDUP 1
| #define HAVE_MKSTEMP 1
| #define HAVE_STAT 1
| #define HAVE_MMAP 1
| #define HAVE_LRAND48 1
| #define HAVE_RAND 1
| #define HAVE_SRAND48 1
| #define HAVE_SRAND 1
| #define HAVE_BCOPY 1
| #define HAVE_BZERO 1
| #define HAVE_TIME 1
| #define HAVE_GETRUSAGE 1
| #define HAVE_MALLINFO 1
| #define HAVE_OPEN64 1
| #define HAVE_CALLOC 1
| #define SIZEOF_SIGNED_CHAR 1
| #define SIZEOF_SIGNED_SHORT 2
| #define SIZEOF_SIGNED 4
| #define SIZEOF_SIGNED_LONG_LONG 8
| #define SIZEOF_VOIDP 8
| #define HAVE_FT2BUILD_H 1
| #define HAVE_FREETYPE 1
| #define HAVE_FREETYPE_FREETYPE_H 1
| #define USE_FREETYPE 1
| /* end confdefs.h.  */
| 
| /* Override any GCC internal prototype to avoid an error.
|    Use char because int might match the return type of a GCC
|    builtin and then its argument prototype would still apply.  */
| #ifdef __cplusplus
| extern "C"
| #endif
| char fftw_plan_dft_r2c_2d ();
| int
| main ()
| {
| return fftw_plan_dft_r2c_2d ();
|   ;
|   return 0;
| }
configure:9131: result: no
configure:9153: checking fftw3.h usability
configure:9170: gcc -c -fPIC -Wimplicit -Wreturn-type -Wno-write-strings -Wformat -O -fomit-frame-pointer   -I/usr/include/freetype2 conftest.c >&5
conftest.c:103: fatal error: fftw3.h: No such file or directory
compilation terminated.
configure:9177: $? = 1
configure: failed program was:
| /* confdefs.h.  */
| #define PACKAGE_NAME ""
| #define PACKAGE_TARNAME ""
| #define PACKAGE_VERSION ""
| #define PACKAGE_STRING ""
| #define PACKAGE_BUGREPORT ""
| #define LINUX 1
| #define O_BINARY 0
| #define HAVE_LIBM 1
| #define HAVE_LIBZ 1
| #define HAVE_LIBJPEG 1
| #define HAVE_LIBUNGIF 1
| #define SYSTEM_BACKTICKS 1
| #define HAVE_DIRENT_H 1
| #define STDC_HEADERS 1
| #define HAVE_SYS_TYPES_H 1
| #define HAVE_SYS_STAT_H 1
| #define HAVE_STDLIB_H 1
| #define HAVE_STRING_H 1
| #define HAVE_MEMORY_H 1
| #define HAVE_STRINGS_H 1
| #define HAVE_INTTYPES_H 1
| #define HAVE_STDINT_H 1
| #define HAVE_UNISTD_H 1
| #define HAVE_ZLIB_H 1
| #define HAVE_GIF_LIB_H 1
| #define HAVE_WCHAR_H 1
| #define HAVE_JPEGLIB_H 1
| #define HAVE_ASSERT_H 1
| #define HAVE_SIGNAL_H 1
| #define HAVE_PTHREAD_H 1
| #define HAVE_SYS_STAT_H 1
| #define HAVE_SYS_MMAN_H 1
| #define HAVE_SYS_TYPES_H 1
| #define HAVE_DIRENT_H 1
| #define HAVE_SYS_DIR_H 1
| #define HAVE_TIME_H 1
| #define HAVE_SYS_TIME_H 1
| #define HAVE_SYS_RESOURCE_H 1
| #define PACKAGE "swftools"
| #define VERSION "0.9.1"
| #define boolean int
| #define HAVE_POPEN 1
| #define HAVE_WCSCHR 1
| #define HAVE_WCSDUP 1
| #define HAVE_MKSTEMP 1
| #define HAVE_STAT 1
| #define HAVE_MMAP 1
| #define HAVE_LRAND48 1
| #define HAVE_RAND 1
| #define HAVE_SRAND48 1
| #define HAVE_SRAND 1
| #define HAVE_BCOPY 1
| #define HAVE_BZERO 1
| #define HAVE_TIME 1
| #define HAVE_GETRUSAGE 1
| #define HAVE_MALLINFO 1
| #define HAVE_OPEN64 1
| #define HAVE_CALLOC 1
| #define SIZEOF_SIGNED_CHAR 1
| #define SIZEOF_SIGNED_SHORT 2
| #define SIZEOF_SIGNED 4
| #define SIZEOF_SIGNED_LONG_LONG 8
| #define SIZEOF_VOIDP 8
| #define HAVE_FT2BUILD_H 1
| #define HAVE_FREETYPE 1
| #define HAVE_FREETYPE_FREETYPE_H 1
| #define USE_FREETYPE 1
| /* end confdefs.h.  */
| #include <stdio.h>
| #ifdef HAVE_SYS_TYPES_H
| # include <sys/types.h>
| #endif
| #ifdef HAVE_SYS_STAT_H
| # include <sys/stat.h>
| #endif
| #ifdef STDC_HEADERS
| # include <stdlib.h>
| # include <stddef.h>
| #else
| # ifdef HAVE_STDLIB_H
| #  include <stdlib.h>
| # endif
| #endif
| #ifdef HAVE_STRING_H
| # if !defined STDC_HEADERS && defined HAVE_MEMORY_H
| #  include <memory.h>
| # endif
| # include <string.h>
| #endif
| #ifdef HAVE_STRINGS_H
| # include <strings.h>
| #endif
| #ifdef HAVE_INTTYPES_H
| # include <inttypes.h>
| #endif
| #ifdef HAVE_STDINT_H
| # include <stdint.h>
| #endif
| #ifdef HAVE_UNISTD_H
| # include <unistd.h>
| #endif
| #include <fftw3.h>
configure:9191: result: no
configure:9195: checking fftw3.h presence
configure:9210: gcc -E  -I/usr/include/freetype2 conftest.c
conftest.c:70: fatal error: fftw3.h: No such file or directory
compilation terminated.
configure:9217: $? = 1
configure: failed program was:
| /* confdefs.h.  */
| #define PACKAGE_NAME ""
| #define PACKAGE_TARNAME ""
| #define PACKAGE_VERSION ""
| #define PACKAGE_STRING ""
| #define PACKAGE_BUGREPORT ""
| #define LINUX 1
| #define O_BINARY 0
| #define HAVE_LIBM 1
| #define HAVE_LIBZ 1
| #define HAVE_LIBJPEG 1
| #define HAVE_LIBUNGIF 1
| #define SYSTEM_BACKTICKS 1
| #define HAVE_DIRENT_H 1
| #define STDC_HEADERS 1
| #define HAVE_SYS_TYPES_H 1
| #define HAVE_SYS_STAT_H 1
| #define HAVE_STDLIB_H 1
| #define HAVE_STRING_H 1
| #define HAVE_MEMORY_H 1
| #define HAVE_STRINGS_H 1
| #define HAVE_INTTYPES_H 1
| #define HAVE_STDINT_H 1
| #define HAVE_UNISTD_H 1
| #define HAVE_ZLIB_H 1
| #define HAVE_GIF_LIB_H 1
| #define HAVE_WCHAR_H 1
| #define HAVE_JPEGLIB_H 1
| #define HAVE_ASSERT_H 1
| #define HAVE_SIGNAL_H 1
| #define HAVE_PTHREAD_H 1
| #define HAVE_SYS_STAT_H 1
| #define HAVE_SYS_MMAN_H 1
| #define HAVE_SYS_TYPES_H 1
| #define HAVE_DIRENT_H 1
| #define HAVE_SYS_DIR_H 1
| #define HAVE_TIME_H 1
| #define HAVE_SYS_TIME_H 1
| #define HAVE_SYS_RESOURCE_H 1
| #define PACKAGE "swftools"
| #define VERSION "0.9.1"
| #define boolean int
| #define HAVE_POPEN 1
| #define HAVE_WCSCHR 1
| #define HAVE_WCSDUP 1
| #define HAVE_MKSTEMP 1
| #define HAVE_STAT 1
| #define HAVE_MMAP 1
| #define HAVE_LRAND48 1
| #define HAVE_RAND 1
| #define HAVE_SRAND48 1
| #define HAVE_SRAND 1
| #define HAVE_BCOPY 1
| #define HAVE_BZERO 1
| #define HAVE_TIME 1
| #define HAVE_GETRUSAGE 1
| #define HAVE_MALLINFO 1
| #define HAVE_OPEN64 1
| #define HAVE_CALLOC 1
| #define SIZEOF_SIGNED_CHAR 1
| #define SIZEOF_SIGNED_SHORT 2
| #define SIZEOF_SIGNED 4
| #define SIZEOF_SIGNED_LONG_LONG 8
| #define SIZEOF_VOIDP 8
| #define HAVE_FT2BUILD_H 1
| #define HAVE_FREETYPE 1
| #define HAVE_FREETYPE_FREETYPE_H 1
| #define USE_FREETYPE 1
| /* end confdefs.h.  */
| #include <fftw3.h>
configure:9231: result: no
configure:9259: checking for fftw3.h
configure:9268: result: no
configure:9366: checking for lame_init in -lmp3lame
configure:9401: gcc  -I/usr/include/freetype2 -fPIC -Wimplicit -Wreturn-type -Wno-write-strings -Wformat -O -fomit-frame-pointer  conftest.c  -L/usr/local/lib -lmp3lame  -lungif -ljpeg -lz -lm  -lfreetype -lz -o conftest
/usr/bin/ld: cannot find -lmp3lame
collect2: ld returned 1 exit status
configure:9408: $? = 1
configure: failed program was:
| /* confdefs.h.  */
| #define PACKAGE_NAME ""
| #define PACKAGE_TARNAME ""
| #define PACKAGE_VERSION ""
| #define PACKAGE_STRING ""
| #define PACKAGE_BUGREPORT ""
| #define LINUX 1
| #define O_BINARY 0
| #define HAVE_LIBM 1
| #define HAVE_LIBZ 1
| #define HAVE_LIBJPEG 1
| #define HAVE_LIBUNGIF 1
| #define SYSTEM_BACKTICKS 1
| #define HAVE_DIRENT_H 1
| #define STDC_HEADERS 1
| #define HAVE_SYS_TYPES_H 1
| #define HAVE_SYS_STAT_H 1
| #define HAVE_STDLIB_H 1
| #define HAVE_STRING_H 1
| #define HAVE_MEMORY_H 1
| #define HAVE_STRINGS_H 1
| #define HAVE_INTTYPES_H 1
| #define HAVE_STDINT_H 1
| #define HAVE_UNISTD_H 1
| #define HAVE_ZLIB_H 1
| #define HAVE_GIF_LIB_H 1
| #define HAVE_WCHAR_H 1
| #define HAVE_JPEGLIB_H 1
| #define HAVE_ASSERT_H 1
| #define HAVE_SIGNAL_H 1
| #define HAVE_PTHREAD_H 1
| #define HAVE_SYS_STAT_H 1
| #define HAVE_SYS_MMAN_H 1
| #define HAVE_SYS_TYPES_H 1
| #define HAVE_DIRENT_H 1
| #define HAVE_SYS_DIR_H 1
| #define HAVE_TIME_H 1
| #define HAVE_SYS_TIME_H 1
| #define HAVE_SYS_RESOURCE_H 1
| #define PACKAGE "swftools"
| #define VERSION "0.9.1"
| #define boolean int
| #define HAVE_POPEN 1
| #define HAVE_WCSCHR 1
| #define HAVE_WCSDUP 1
| #define HAVE_MKSTEMP 1
| #define HAVE_STAT 1
| #define HAVE_MMAP 1
| #define HAVE_LRAND48 1
| #define HAVE_RAND 1
| #define HAVE_SRAND48 1
| #define HAVE_SRAND 1
| #define HAVE_BCOPY 1
| #define HAVE_BZERO 1
| #define HAVE_TIME 1
| #define HAVE_GETRUSAGE 1
| #define HAVE_MALLINFO 1
| #define HAVE_OPEN64 1
| #define HAVE_CALLOC 1
| #define SIZEOF_SIGNED_CHAR 1
| #define SIZEOF_SIGNED_SHORT 2
| #define SIZEOF_SIGNED 4
| #define SIZEOF_SIGNED_LONG_LONG 8
| #define SIZEOF_VOIDP 8
| #define HAVE_FT2BUILD_H 1
| #define HAVE_FREETYPE 1
| #define HAVE_FREETYPE_FREETYPE_H 1
| #define USE_FREETYPE 1
| /* end confdefs.h.  */
| 
| /* Override any GCC internal prototype to avoid an error.
|    Use char because int might match the return type of a GCC
|    builtin and then its argument prototype would still apply.  */
| #ifdef __cplusplus
| extern "C"
| #endif
| char lame_init ();
| int
| main ()
| {
| return lame_init ();
|   ;
|   return 0;
| }
configure:9429: result: no
configure:9459: checking lame.h usability
configure:9476: gcc -c -fPIC -Wimplicit -Wreturn-type -Wno-write-strings -Wformat -O -fomit-frame-pointer   -I/usr/include/freetype2 conftest.c >&5
conftest.c:103: fatal error: lame.h: No such file or directory
compilation terminated.
configure:9483: $? = 1
configure: failed program was:
| /* confdefs.h.  */
| #define PACKAGE_NAME ""
| #define PACKAGE_TARNAME ""
| #define PACKAGE_VERSION ""
| #define PACKAGE_STRING ""
| #define PACKAGE_BUGREPORT ""
| #define LINUX 1
| #define O_BINARY 0
| #define HAVE_LIBM 1
| #define HAVE_LIBZ 1
| #define HAVE_LIBJPEG 1
| #define HAVE_LIBUNGIF 1
| #define SYSTEM_BACKTICKS 1
| #define HAVE_DIRENT_H 1
| #define STDC_HEADERS 1
| #define HAVE_SYS_TYPES_H 1
| #define HAVE_SYS_STAT_H 1
| #define HAVE_STDLIB_H 1
| #define HAVE_STRING_H 1
| #define HAVE_MEMORY_H 1
| #define HAVE_STRINGS_H 1
| #define HAVE_INTTYPES_H 1
| #define HAVE_STDINT_H 1
| #define HAVE_UNISTD_H 1
| #define HAVE_ZLIB_H 1
| #define HAVE_GIF_LIB_H 1
| #define HAVE_WCHAR_H 1
| #define HAVE_JPEGLIB_H 1
| #define HAVE_ASSERT_H 1
| #define HAVE_SIGNAL_H 1
| #define HAVE_PTHREAD_H 1
| #define HAVE_SYS_STAT_H 1
| #define HAVE_SYS_MMAN_H 1
| #define HAVE_SYS_TYPES_H 1
| #define HAVE_DIRENT_H 1
| #define HAVE_SYS_DIR_H 1
| #define HAVE_TIME_H 1
| #define HAVE_SYS_TIME_H 1
| #define HAVE_SYS_RESOURCE_H 1
| #define PACKAGE "swftools"
| #define VERSION "0.9.1"
| #define boolean int
| #define HAVE_POPEN 1
| #define HAVE_WCSCHR 1
| #define HAVE_WCSDUP 1
| #define HAVE_MKSTEMP 1
| #define HAVE_STAT 1
| #define HAVE_MMAP 1
| #define HAVE_LRAND48 1
| #define HAVE_RAND 1
| #define HAVE_SRAND48 1
| #define HAVE_SRAND 1
| #define HAVE_BCOPY 1
| #define HAVE_BZERO 1
| #define HAVE_TIME 1
| #define HAVE_GETRUSAGE 1
| #define HAVE_MALLINFO 1
| #define HAVE_OPEN64 1
| #define HAVE_CALLOC 1
| #define SIZEOF_SIGNED_CHAR 1
| #define SIZEOF_SIGNED_SHORT 2
| #define SIZEOF_SIGNED 4
| #define SIZEOF_SIGNED_LONG_LONG 8
| #define SIZEOF_VOIDP 8
| #define HAVE_FT2BUILD_H 1
| #define HAVE_FREETYPE 1
| #define HAVE_FREETYPE_FREETYPE_H 1
| #define USE_FREETYPE 1
| /* end confdefs.h.  */
| #include <stdio.h>
| #ifdef HAVE_SYS_TYPES_H
| # include <sys/types.h>
| #endif
| #ifdef HAVE_SYS_STAT_H
| # include <sys/stat.h>
| #endif
| #ifdef STDC_HEADERS
| # include <stdlib.h>
| # include <stddef.h>
| #else
| # ifdef HAVE_STDLIB_H
| #  include <stdlib.h>
| # endif
| #endif
| #ifdef HAVE_STRING_H
| # if !defined STDC_HEADERS && defined HAVE_MEMORY_H
| #  include <memory.h>
| # endif
| # include <string.h>
| #endif
| #ifdef HAVE_STRINGS_H
| # include <strings.h>
| #endif
| #ifdef HAVE_INTTYPES_H
| # include <inttypes.h>
| #endif
| #ifdef HAVE_STDINT_H
| # include <stdint.h>
| #endif
| #ifdef HAVE_UNISTD_H
| # include <unistd.h>
| #endif
| #include <lame.h>
configure:9497: result: no
configure:9501: checking lame.h presence
configure:9516: gcc -E  -I/usr/include/freetype2 conftest.c
conftest.c:70: fatal error: lame.h: No such file or directory
compilation terminated.
configure:9523: $? = 1
configure: failed program was:
| /* confdefs.h.  */
| #define PACKAGE_NAME ""
| #define PACKAGE_TARNAME ""
| #define PACKAGE_VERSION ""
| #define PACKAGE_STRING ""
| #define PACKAGE_BUGREPORT ""
| #define LINUX 1
| #define O_BINARY 0
| #define HAVE_LIBM 1
| #define HAVE_LIBZ 1
| #define HAVE_LIBJPEG 1
| #define HAVE_LIBUNGIF 1
| #define SYSTEM_BACKTICKS 1
| #define HAVE_DIRENT_H 1
| #define STDC_HEADERS 1
| #define HAVE_SYS_TYPES_H 1
| #define HAVE_SYS_STAT_H 1
| #define HAVE_STDLIB_H 1
| #define HAVE_STRING_H 1
| #define HAVE_MEMORY_H 1
| #define HAVE_STRINGS_H 1
| #define HAVE_INTTYPES_H 1
| #define HAVE_STDINT_H 1
| #define HAVE_UNISTD_H 1
| #define HAVE_ZLIB_H 1
| #define HAVE_GIF_LIB_H 1
| #define HAVE_WCHAR_H 1
| #define HAVE_JPEGLIB_H 1
| #define HAVE_ASSERT_H 1
| #define HAVE_SIGNAL_H 1
| #define HAVE_PTHREAD_H 1
| #define HAVE_SYS_STAT_H 1
| #define HAVE_SYS_MMAN_H 1
| #define HAVE_SYS_TYPES_H 1
| #define HAVE_DIRENT_H 1
| #define HAVE_SYS_DIR_H 1
| #define HAVE_TIME_H 1
| #define HAVE_SYS_TIME_H 1
| #define HAVE_SYS_RESOURCE_H 1
| #define PACKAGE "swftools"
| #define VERSION "0.9.1"
| #define boolean int
| #define HAVE_POPEN 1
| #define HAVE_WCSCHR 1
| #define HAVE_WCSDUP 1
| #define HAVE_MKSTEMP 1
| #define HAVE_STAT 1
| #define HAVE_MMAP 1
| #define HAVE_LRAND48 1
| #define HAVE_RAND 1
| #define HAVE_SRAND48 1
| #define HAVE_SRAND 1
| #define HAVE_BCOPY 1
| #define HAVE_BZERO 1
| #define HAVE_TIME 1
| #define HAVE_GETRUSAGE 1
| #define HAVE_MALLINFO 1
| #define HAVE_OPEN64 1
| #define HAVE_CALLOC 1
| #define SIZEOF_SIGNED_CHAR 1
| #define SIZEOF_SIGNED_SHORT 2
| #define SIZEOF_SIGNED 4
| #define SIZEOF_SIGNED_LONG_LONG 8
| #define SIZEOF_VOIDP 8
| #define HAVE_FT2BUILD_H 1
| #define HAVE_FREETYPE 1
| #define HAVE_FREETYPE_FREETYPE_H 1
| #define USE_FREETYPE 1
| /* end confdefs.h.  */
| #include <lame.h>
configure:9537: result: no
configure:9565: checking for lame.h
configure:9574: result: no
configure:9609: checking whether the filesystem normalizes file names
configure:9623: result: no
configure:9636: checking for avifile-config
configure:9666: result: no
configure:9830: checking whether we can compile the avifile test program
configure:9941: result: no
configure:9981: checking for Python.h
configure:10107: result: nope
configure:10125: checking for ruby
configure:10158: result: no
configure:10170: checking for ruby's include directory
configure:10207: result: 'unknown'
configure:10234: checking ruby.h usability
configure:10251: gcc -c -fPIC -Wimplicit -Wreturn-type -Wno-write-strings -Wformat -O -fomit-frame-pointer   -I/usr/include/freetype2  conftest.c >&5
conftest.c:104: fatal error: ruby.h: No such file or directory
compilation terminated.
configure:10258: $? = 1
configure: failed program was:
| /* confdefs.h.  */
| #define PACKAGE_NAME ""
| #define PACKAGE_TARNAME ""
| #define PACKAGE_VERSION ""
| #define PACKAGE_STRING ""
| #define PACKAGE_BUGREPORT ""
| #define LINUX 1
| #define O_BINARY 0
| #define HAVE_LIBM 1
| #define HAVE_LIBZ 1
| #define HAVE_LIBJPEG 1
| #define HAVE_LIBUNGIF 1
| #define SYSTEM_BACKTICKS 1
| #define HAVE_DIRENT_H 1
| #define STDC_HEADERS 1
| #define HAVE_SYS_TYPES_H 1
| #define HAVE_SYS_STAT_H 1
| #define HAVE_STDLIB_H 1
| #define HAVE_STRING_H 1
| #define HAVE_MEMORY_H 1
| #define HAVE_STRINGS_H 1
| #define HAVE_INTTYPES_H 1
| #define HAVE_STDINT_H 1
| #define HAVE_UNISTD_H 1
| #define HAVE_ZLIB_H 1
| #define HAVE_GIF_LIB_H 1
| #define HAVE_WCHAR_H 1
| #define HAVE_JPEGLIB_H 1
| #define HAVE_ASSERT_H 1
| #define HAVE_SIGNAL_H 1
| #define HAVE_PTHREAD_H 1
| #define HAVE_SYS_STAT_H 1
| #define HAVE_SYS_MMAN_H 1
| #define HAVE_SYS_TYPES_H 1
| #define HAVE_DIRENT_H 1
| #define HAVE_SYS_DIR_H 1
| #define HAVE_TIME_H 1
| #define HAVE_SYS_TIME_H 1
| #define HAVE_SYS_RESOURCE_H 1
| #define PACKAGE "swftools"
| #define VERSION "0.9.1"
| #define boolean int
| #define HAVE_POPEN 1
| #define HAVE_WCSCHR 1
| #define HAVE_WCSDUP 1
| #define HAVE_MKSTEMP 1
| #define HAVE_STAT 1
| #define HAVE_MMAP 1
| #define HAVE_LRAND48 1
| #define HAVE_RAND 1
| #define HAVE_SRAND48 1
| #define HAVE_SRAND 1
| #define HAVE_BCOPY 1
| #define HAVE_BZERO 1
| #define HAVE_TIME 1
| #define HAVE_GETRUSAGE 1
| #define HAVE_MALLINFO 1
| #define HAVE_OPEN64 1
| #define HAVE_CALLOC 1
| #define SIZEOF_SIGNED_CHAR 1
| #define SIZEOF_SIGNED_SHORT 2
| #define SIZEOF_SIGNED 4
| #define SIZEOF_SIGNED_LONG_LONG 8
| #define SIZEOF_VOIDP 8
| #define HAVE_FT2BUILD_H 1
| #define HAVE_FREETYPE 1
| #define HAVE_FREETYPE_FREETYPE_H 1
| #define USE_FREETYPE 1
| #define USE_GZIP 1
| /* end confdefs.h.  */
| #include <stdio.h>
| #ifdef HAVE_SYS_TYPES_H
| # include <sys/types.h>
| #endif
| #ifdef HAVE_SYS_STAT_H
| # include <sys/stat.h>
| #endif
| #ifdef STDC_HEADERS
| # include <stdlib.h>
| # include <stddef.h>
| #else
| # ifdef HAVE_STDLIB_H
| #  include <stdlib.h>
| # endif
| #endif
| #ifdef HAVE_STRING_H
| # if !defined STDC_HEADERS && defined HAVE_MEMORY_H
| #  include <memory.h>
| # endif
| # include <string.h>
| #endif
| #ifdef HAVE_STRINGS_H
| # include <strings.h>
| #endif
| #ifdef HAVE_INTTYPES_H
| # include <inttypes.h>
| #endif
| #ifdef HAVE_STDINT_H
| # include <stdint.h>
| #endif
| #ifdef HAVE_UNISTD_H
| # include <unistd.h>
| #endif
| #include <ruby.h>
configure:10272: result: no
configure:10276: checking ruby.h presence
configure:10291: gcc -E  -I/usr/include/freetype2  conftest.c
conftest.c:71: fatal error: ruby.h: No such file or directory
compilation terminated.
configure:10298: $? = 1
configure: failed program was:
| /* confdefs.h.  */
| #define PACKAGE_NAME ""
| #define PACKAGE_TARNAME ""
| #define PACKAGE_VERSION ""
| #define PACKAGE_STRING ""
| #define PACKAGE_BUGREPORT ""
| #define LINUX 1
| #define O_BINARY 0
| #define HAVE_LIBM 1
| #define HAVE_LIBZ 1
| #define HAVE_LIBJPEG 1
| #define HAVE_LIBUNGIF 1
| #define SYSTEM_BACKTICKS 1
| #define HAVE_DIRENT_H 1
| #define STDC_HEADERS 1
| #define HAVE_SYS_TYPES_H 1
| #define HAVE_SYS_STAT_H 1
| #define HAVE_STDLIB_H 1
| #define HAVE_STRING_H 1
| #define HAVE_MEMORY_H 1
| #define HAVE_STRINGS_H 1
| #define HAVE_INTTYPES_H 1
| #define HAVE_STDINT_H 1
| #define HAVE_UNISTD_H 1
| #define HAVE_ZLIB_H 1
| #define HAVE_GIF_LIB_H 1
| #define HAVE_WCHAR_H 1
| #define HAVE_JPEGLIB_H 1
| #define HAVE_ASSERT_H 1
| #define HAVE_SIGNAL_H 1
| #define HAVE_PTHREAD_H 1
| #define HAVE_SYS_STAT_H 1
| #define HAVE_SYS_MMAN_H 1
| #define HAVE_SYS_TYPES_H 1
| #define HAVE_DIRENT_H 1
| #define HAVE_SYS_DIR_H 1
| #define HAVE_TIME_H 1
| #define HAVE_SYS_TIME_H 1
| #define HAVE_SYS_RESOURCE_H 1
| #define PACKAGE "swftools"
| #define VERSION "0.9.1"
| #define boolean int
| #define HAVE_POPEN 1
| #define HAVE_WCSCHR 1
| #define HAVE_WCSDUP 1
| #define HAVE_MKSTEMP 1
| #define HAVE_STAT 1
| #define HAVE_MMAP 1
| #define HAVE_LRAND48 1
| #define HAVE_RAND 1
| #define HAVE_SRAND48 1
| #define HAVE_SRAND 1
| #define HAVE_BCOPY 1
| #define HAVE_BZERO 1
| #define HAVE_TIME 1
| #define HAVE_GETRUSAGE 1
| #define HAVE_MALLINFO 1
| #define HAVE_OPEN64 1
| #define HAVE_CALLOC 1
| #define SIZEOF_SIGNED_CHAR 1
| #define SIZEOF_SIGNED_SHORT 2
| #define SIZEOF_SIGNED 4
| #define SIZEOF_SIGNED_LONG_LONG 8
| #define SIZEOF_VOIDP 8
| #define HAVE_FT2BUILD_H 1
| #define HAVE_FREETYPE 1
| #define HAVE_FREETYPE_FREETYPE_H 1
| #define USE_FREETYPE 1
| #define USE_GZIP 1
| /* end confdefs.h.  */
| #include <ruby.h>
configure:10312: result: no
configure:10340: checking for ruby.h
configure:10349: result: no
configure:10366: checking whether we should compile the ruby module
configure:10404: result: no
configure:10427: checking for missing libraries
configure:10484: result: 
configure:10679: creating ./config.status

## ---------------------- ##
## Running config.status. ##
## ---------------------- ##

This file was extended by config.status, which was
generated by GNU Autoconf 2.63.  Invocation command line was

  CONFIG_FILES    = 
  CONFIG_HEADERS  = 
  CONFIG_LINKS    = 
  CONFIG_COMMANDS = 
  $ ./config.status 

on webserver

config.status:832: creating Makefile.common
config.status:979: WARNING:  'Makefile.common.in' seems to ignore the --datarootdir setting
config.status:832: creating Makefile
config.status:832: creating lib/Makefile
config.status:832: creating lib/action/Makefile
config.status:832: creating src/Makefile
config.status:832: creating lib/pdf/Makefile
config.status:832: creating swfs/Makefile
config.status:832: creating lib/readers/Makefile
config.status:832: creating config.h
config.status:1048: config.h is unchanged

## ---------------- ##
## Cache variables. ##
## ---------------- ##

ac_cv_build=x86_64-unknown-linux-gnu
ac_cv_c_compiler_gnu=yes
ac_cv_c_const=yes
ac_cv_c_inline=inline
ac_cv_cxx_compiler_gnu=yes
ac_cv_env_CCC_set=
ac_cv_env_CCC_value=
ac_cv_env_CC_set=
ac_cv_env_CC_value=
ac_cv_env_CFLAGS_set=
ac_cv_env_CFLAGS_value=
ac_cv_env_CPPFLAGS_set=
ac_cv_env_CPPFLAGS_value=
ac_cv_env_CPP_set=
ac_cv_env_CPP_value=
ac_cv_env_CXXFLAGS_set=
ac_cv_env_CXXFLAGS_value=
ac_cv_env_CXX_set=
ac_cv_env_CXX_value=
ac_cv_env_LDFLAGS_set=
ac_cv_env_LDFLAGS_value=
ac_cv_env_LIBS_set=
ac_cv_env_LIBS_value=
ac_cv_env_build_alias_set=
ac_cv_env_build_alias_value=
ac_cv_env_host_alias_set=
ac_cv_env_host_alias_value=
ac_cv_env_target_alias_set=
ac_cv_env_target_alias_value=
ac_cv_func_bcopy=yes
ac_cv_func_bzero=yes
ac_cv_func_calloc=yes
ac_cv_func_getrusage=yes
ac_cv_func_lrand48=yes
ac_cv_func_mallinfo=yes
ac_cv_func_mkstemp=yes
ac_cv_func_mmap=yes
ac_cv_func_open64=yes
ac_cv_func_popen=yes
ac_cv_func_rand=yes
ac_cv_func_srand48=yes
ac_cv_func_srand=yes
ac_cv_func_stat=yes
ac_cv_func_time=yes
ac_cv_func_wcschr=yes
ac_cv_func_wcsdup=yes
ac_cv_header_assert_h=yes
ac_cv_header_dirent_dirent_h=yes
ac_cv_header_dirent_h=yes
ac_cv_header_fftw3_h=no
ac_cv_header_fontconfig_h=no
ac_cv_header_ft2build_h=yes
ac_cv_header_gif_lib_h=yes
ac_cv_header_inttypes_h=yes
ac_cv_header_io_h=no
ac_cv_header_jpeglib_h=yes
ac_cv_header_lame_h=no
ac_cv_header_memory_h=yes
ac_cv_header_ndir_h=no
ac_cv_header_pdflib_h=no
ac_cv_header_pthread_h=yes
ac_cv_header_ruby_h=no
ac_cv_header_signal_h=yes
ac_cv_header_stdc=yes
ac_cv_header_stdint_h=yes
ac_cv_header_stdlib_h=yes
ac_cv_header_string_h=yes
ac_cv_header_strings_h=yes
ac_cv_header_sys_bsdtypes_h=no
ac_cv_header_sys_dir_h=yes
ac_cv_header_sys_mman_h=yes
ac_cv_header_sys_ndir_h=no
ac_cv_header_sys_resource_h=yes
ac_cv_header_sys_stat_h=yes
ac_cv_header_sys_time_h=yes
ac_cv_header_sys_types_h=yes
ac_cv_header_time_h=yes
ac_cv_header_unistd_h=yes
ac_cv_header_wchar_h=yes
ac_cv_header_zlib_h=yes
ac_cv_header_zzip_lib_h=no
ac_cv_host=x86_64-unknown-linux-gnu
ac_cv_lib_fftw3_fftw_plan_dft_r2c_2d=no
ac_cv_lib_fontconfig_FcInit=no
ac_cv_lib_jpeg_jpeg_write_raw_data=yes
ac_cv_lib_m_sin=yes
ac_cv_lib_mp3lame_lame_init=no
ac_cv_lib_pdf_PDF_open_file=no
ac_cv_lib_ungif_DGifOpen=yes
ac_cv_lib_z_deflate=yes
ac_cv_lib_zzip_zzip_file_open=no
ac_cv_objext=o
ac_cv_path_EGREP='/bin/grep -E'
ac_cv_path_FREETYPE_CONFIG=/usr/bin/freetype-config
ac_cv_path_GREP=/bin/grep
ac_cv_path_install='/usr/bin/install -c'
ac_cv_prog_CPP='gcc -E'
ac_cv_prog_UNCOMPRESS=gzip
ac_cv_prog_ac_ct_CC=gcc
ac_cv_prog_ac_ct_CXX=g++
ac_cv_prog_ac_ct_RANLIB=ranlib
ac_cv_prog_cc_c89=
ac_cv_prog_cc_g=yes
ac_cv_prog_cxx_g=yes
ac_cv_prog_make_make_set=yes
ac_cv_search_opendir='none required'
ac_cv_sizeof_signed=4
ac_cv_sizeof_signed_char=1
ac_cv_sizeof_signed_long_long=8
ac_cv_sizeof_signed_short=2
ac_cv_sizeof_voidp=8
ac_cv_struct_tm=time.h
ac_cv_type_boolean=no
ac_cv_type_off_t=yes
ac_cv_type_size_t=yes

## ----------------- ##
## Output variables. ##
## ----------------- ##

AR='ar'
AREXT='.a'
AVIFILE_CONFIG=''
CC='gcc'
CFLAGS='-fPIC -Wimplicit -Wreturn-type -Wno-write-strings -Wformat -O -fomit-frame-pointer '
CPP='gcc -E'
CPPFLAGS=' -I/usr/include/freetype2'
CXX='g++'
CXXFLAGS='-fPIC -fPIC -Wimplicit -Wreturn-type -Wno-write-strings -Wformat -O -fomit-frame-pointer '
CXXLIBS='-lstdc++'
DEFS='-DHAVE_CONFIG_H'
DEVICE_OPENGL=''
DEVICE_PDF=''
ECHO_C=''
ECHO_N='-n'
ECHO_T=''
EGREP='/bin/grep -E'
EXEEXT=''
FREETYPE_CONFIG='/usr/bin/freetype-config'
GIF2SWF='gif2swf$(E)'
GREP='/bin/grep'
HAVE_PYTHON_IMAGING=''
HAVE_UNISTD_H=''
INSTALL_DATA='${INSTALL} -m 644'
INSTALL_PROGRAM='${INSTALL}'
INSTALL_SCRIPT='${INSTALL}'
JPEG2SWF='jpeg2swf$(E)'
LDFLAGS=' -L/usr/local/lib'
LIBOBJS=''
LIBPDF='libpdf$(A)'
LIBS='-lungif -ljpeg -lz -lm  -lfreetype -lz'
LN_S='ln -s'
LTLIBOBJS=''
OBJEXT='o'
PACKAGE='swftools'
PACKAGE_BUGREPORT=''
PACKAGE_NAME=''
PACKAGE_STRING=''
PACKAGE_TARNAME=''
PACKAGE_VERSION=''
PATH_SEPARATOR=':'
PDF2PDF=''
PDF2SWF='pdf2swf$(E)'
PNG2SWF='png2swf$(E)'
PYTHON_INCLUDES=''
PYTHON_LIB=''
RANLIB='ranlib'
RUBY=''
RUBY_CPPFLAGS=''
RUBY_INSTALLDIR=''
RUBY_LDFLAGS=''
RUBY_LIBS=''
SET_MAKE=''
SHARED='-shared'
SHELL='/bin/bash'
SLEXT='so'
STRIP='@echo debug enabled, not stripping '
SYSTEM_BACKTICKS='1'
UNCOMPRESS='gzip'
USE_GZIP=''
VERSION='0.9.1'
VIDEO_CFLAGS=''
VIDEO_LIBS=''
WORDS_BIGENDIAN=''
ac_ct_CC='gcc'
ac_ct_CXX='g++'
bindir='${exec_prefix}/bin'
build='x86_64-unknown-linux-gnu'
build_alias=''
build_cpu='x86_64'
build_os='linux-gnu'
build_vendor='unknown'
datadir='${datarootdir}'
datarootdir='${prefix}/share'
docdir='${datarootdir}/doc/${PACKAGE}'
dvidir='${docdir}'
exec_prefix='${prefix}'
host='x86_64-unknown-linux-gnu'
host_alias=''
host_cpu='x86_64'
host_os='linux-gnu'
host_vendor='unknown'
htmldir='${docdir}'
includedir='${prefix}/include'
infodir='${datarootdir}/info'
lame_in_source=''
libdir='${exec_prefix}/lib'
libexecdir='${exec_prefix}/libexec'
localedir='${datarootdir}/locale'
localstatedir='${prefix}/var'
mandir='${datarootdir}/man'
oldincludedir='/usr/include'
pdfdir='${docdir}'
prefix='/usr/local'
program_transform_name='s,x,x,'
psdir='${docdir}'
sbindir='${exec_prefix}/sbin'
sharedstatedir='${prefix}/com'
splash_in_source='$(splash_objects)'
sysconfdir='${prefix}/etc'
target=''
target_alias=''
target_cpu=''
target_os=''
target_vendor=''
xpdf_in_source='$(xpdf_objects)'

## ----------- ##
## confdefs.h. ##
## ----------- ##

#define PACKAGE_NAME ""
#define PACKAGE_TARNAME ""
#define PACKAGE_VERSION ""
#define PACKAGE_STRING ""
#define PACKAGE_BUGREPORT ""
#define LINUX 1
#define O_BINARY 0
#define HAVE_LIBM 1
#define HAVE_LIBZ 1
#define HAVE_LIBJPEG 1
#define HAVE_LIBUNGIF 1
#define SYSTEM_BACKTICKS 1
#define HAVE_DIRENT_H 1
#define STDC_HEADERS 1
#define HAVE_SYS_TYPES_H 1
#define HAVE_SYS_STAT_H 1
#define HAVE_STDLIB_H 1
#define HAVE_STRING_H 1
#define HAVE_MEMORY_H 1
#define HAVE_STRINGS_H 1
#define HAVE_INTTYPES_H 1
#define HAVE_STDINT_H 1
#define HAVE_UNISTD_H 1
#define HAVE_ZLIB_H 1
#define HAVE_GIF_LIB_H 1
#define HAVE_WCHAR_H 1
#define HAVE_JPEGLIB_H 1
#define HAVE_ASSERT_H 1
#define HAVE_SIGNAL_H 1
#define HAVE_PTHREAD_H 1
#define HAVE_SYS_STAT_H 1
#define HAVE_SYS_MMAN_H 1
#define HAVE_SYS_TYPES_H 1
#define HAVE_DIRENT_H 1
#define HAVE_SYS_DIR_H 1
#define HAVE_TIME_H 1
#define HAVE_SYS_TIME_H 1
#define HAVE_SYS_RESOURCE_H 1
#define PACKAGE "swftools"
#define VERSION "0.9.1"
#define boolean int
#define HAVE_POPEN 1
#define HAVE_WCSCHR 1
#define HAVE_WCSDUP 1
#define HAVE_MKSTEMP 1
#define HAVE_STAT 1
#define HAVE_MMAP 1
#define HAVE_LRAND48 1
#define HAVE_RAND 1
#define HAVE_SRAND48 1
#define HAVE_SRAND 1
#define HAVE_BCOPY 1
#define HAVE_BZERO 1
#define HAVE_TIME 1
#define HAVE_GETRUSAGE 1
#define HAVE_MALLINFO 1
#define HAVE_OPEN64 1
#define HAVE_CALLOC 1
#define SIZEOF_SIGNED_CHAR 1
#define SIZEOF_SIGNED_SHORT 2
#define SIZEOF_SIGNED 4
#define SIZEOF_SIGNED_LONG_LONG 8
#define SIZEOF_VOIDP 8
#define HAVE_FT2BUILD_H 1
#define HAVE_FREETYPE 1
#define HAVE_FREETYPE_FREETYPE_H 1
#define USE_FREETYPE 1
#define USE_GZIP 1

configure: exit 0
